<?xml version="1.0" encoding="UTF-8"?>
<coverage generated="1777259024694" clover="3.2.0">
  <project timestamp="1777259024694" name="All files">
    <metrics statements="205" coveredstatements="125" conditionals="176" coveredconditionals="106" methods="69" coveredmethods="38" elements="450" coveredelements="269" complexity="0" loc="205" ncloc="205" packages="5" files="21" classes="21"/>
    <package name="src">
      <metrics statements="27" coveredstatements="10" conditionals="16" coveredconditionals="7" methods="7" coveredmethods="2"/>
      <file name="App.jsx" path="C:\Users\Samar Raj\OneDrive\Desktop\MeraMat\meramat-india\src\App.jsx">
        <metrics statements="27" coveredstatements="10" conditionals="16" coveredconditionals="7" methods="7" coveredmethods="2"/>
        <line num="11" count="6" type="stmt"/>
        <line num="12" count="6" type="stmt"/>
        <line num="13" count="6" type="stmt"/>
        <line num="14" count="6" type="stmt"/>
        <line num="15" count="6" type="stmt"/>
        <line num="17" count="6" type="stmt"/>
        <line num="19" count="6" type="stmt"/>
        <line num="20" count="0" type="stmt"/>
        <line num="21" count="0" type="stmt"/>
        <line num="22" count="0" type="stmt"/>
        <line num="23" count="0" type="stmt"/>
        <line num="24" count="0" type="stmt"/>
        <line num="25" count="0" type="stmt"/>
        <line num="26" count="0" type="stmt"/>
        <line num="28" count="0" type="stmt"/>
        <line num="29" count="0" type="stmt"/>
        <line num="33" count="6" type="stmt"/>
        <line num="34" count="0" type="stmt"/>
        <line num="35" count="0" type="stmt"/>
        <line num="36" count="0" type="stmt"/>
        <line num="37" count="0" type="stmt"/>
        <line num="40" count="6" type="stmt"/>
        <line num="44" count="1" type="stmt"/>
        <line num="85" count="0" type="stmt"/>
        <line num="86" count="0" type="stmt"/>
        <line num="109" count="0" type="stmt"/>
        <line num="119" count="0" type="stmt"/>
      </file>
    </package>
    <package name="src.components">
      <metrics statements="66" coveredstatements="50" conditionals="100" coveredconditionals="67" methods="26" coveredmethods="17"/>
      <file name="EVMSimulator.jsx" path="C:\Users\Samar Raj\OneDrive\Desktop\MeraMat\meramat-india\src\components\EVMSimulator.jsx">
        <metrics statements="10" coveredstatements="9" conditionals="26" coveredconditionals="18" methods="3" coveredmethods="3"/>
        <line num="4" count="6" type="stmt"/>
        <line num="7" count="6" type="stmt"/>
        <line num="14" count="6" type="cond" truecount="1" falsecount="1"/>
        <line num="15" count="6" type="stmt"/>
        <line num="17" count="6" type="stmt"/>
        <line num="65" count="24" type="stmt"/>
        <line num="66" count="24" type="stmt"/>
        <line num="137" count="1" type="cond" truecount="1" falsecount="1"/>
        <line num="138" count="1" type="stmt"/>
        <line num="140" count="0" type="stmt"/>
      </file>
      <file name="ErrorBoundary.jsx" path="C:\Users\Samar Raj\OneDrive\Desktop\MeraMat\meramat-india\src\components\ErrorBoundary.jsx">
        <metrics statements="8" coveredstatements="0" conditionals="2" coveredconditionals="0" methods="5" coveredmethods="0"/>
        <line num="5" count="0" type="stmt"/>
        <line num="6" count="0" type="stmt"/>
        <line num="10" count="0" type="stmt"/>
        <line num="14" count="0" type="stmt"/>
        <line num="18" count="0" type="cond" truecount="0" falsecount="2"/>
        <line num="19" count="0" type="stmt"/>
        <line num="50" count="0" type="stmt"/>
        <line num="70" count="0" type="stmt"/>
      </file>
      <file name="HomeScreen.jsx" path="C:\Users\Samar Raj\OneDrive\Desktop\MeraMat\meramat-india\src\components\HomeScreen.jsx">
        <metrics statements="3" coveredstatements="3" conditionals="16" coveredconditionals="9" methods="1" coveredmethods="1"/>
        <line num="11" count="5" type="stmt"/>
        <line num="13" count="5" type="stmt"/>
        <line num="24" count="5" type="stmt"/>
      </file>
      <file name="LanguageToggle.jsx" path="C:\Users\Samar Raj\OneDrive\Desktop\MeraMat\meramat-india\src\components\LanguageToggle.jsx">
        <metrics statements="5" coveredstatements="3" conditionals="5" coveredconditionals="5" methods="4" coveredmethods="2"/>
        <line num="4" count="6" type="stmt"/>
        <line num="13" count="12" type="stmt"/>
        <line num="28" count="6" type="stmt"/>
        <line num="33" count="0" type="stmt"/>
        <line num="40" count="0" type="stmt"/>
      </file>
      <file name="LoadingScreen.jsx" path="C:\Users\Samar Raj\OneDrive\Desktop\MeraMat\meramat-india\src\components\LoadingScreen.jsx">
        <metrics statements="1" coveredstatements="0" conditionals="3" coveredconditionals="0" methods="1" coveredmethods="0"/>
        <line num="4" count="0" type="stmt"/>
      </file>
      <file name="LogoMark.jsx" path="C:\Users\Samar Raj\OneDrive\Desktop\MeraMat\meramat-india\src\components\LogoMark.jsx">
        <metrics statements="1" coveredstatements="1" conditionals="1" coveredconditionals="1" methods="1" coveredmethods="1"/>
        <line num="2" count="21" type="stmt"/>
      </file>
      <file name="QuestionFlow.jsx" path="C:\Users\Samar Raj\OneDrive\Desktop\MeraMat\meramat-india\src\components\QuestionFlow.jsx">
        <metrics statements="14" coveredstatements="14" conditionals="10" coveredconditionals="7" methods="4" coveredmethods="4"/>
        <line num="4" count="10" type="stmt"/>
        <line num="5" count="10" type="stmt"/>
        <line num="7" count="10" type="cond" truecount="3" falsecount="1"/>
        <line num="9" count="10" type="stmt"/>
        <line num="11" count="10" type="stmt"/>
        <line num="13" count="10" type="stmt"/>
        <line num="14" count="4" type="stmt"/>
        <line num="16" count="4" type="cond" truecount="2" falsecount="0"/>
        <line num="17" count="3" type="stmt"/>
        <line num="18" count="3" type="stmt"/>
        <line num="21" count="1" type="stmt"/>
        <line num="25" count="10" type="stmt"/>
        <line num="102" count="54" type="stmt"/>
        <line num="106" count="4" type="stmt"/>
      </file>
      <file name="ReadinessScore.jsx" path="C:\Users\Samar Raj\OneDrive\Desktop\MeraMat\meramat-india\src\components\ReadinessScore.jsx">
        <metrics statements="13" coveredstatements="10" conditionals="9" coveredconditionals="6" methods="4" coveredmethods="3"/>
        <line num="4" count="15" type="stmt"/>
        <line num="7" count="15" type="stmt"/>
        <line num="8" count="7" type="stmt"/>
        <line num="9" count="0" type="stmt"/>
        <line num="11" count="7" type="stmt"/>
        <line num="14" count="15" type="stmt"/>
        <line num="15" count="15" type="stmt"/>
        <line num="17" count="15" type="stmt"/>
        <line num="18" count="15" type="cond" truecount="1" falsecount="1"/>
        <line num="19" count="0" type="stmt"/>
        <line num="20" count="15" type="cond" truecount="1" falsecount="1"/>
        <line num="21" count="0" type="stmt"/>
        <line num="24" count="15" type="stmt"/>
      </file>
      <file name="StepCard.jsx" path="C:\Users\Samar Raj\OneDrive\Desktop\MeraMat\meramat-india\src\components\StepCard.jsx">
        <metrics statements="10" coveredstatements="10" conditionals="28" coveredconditionals="21" methods="3" coveredmethods="3"/>
        <line num="12" count="23" type="cond" truecount="1" falsecount="1"/>
        <line num="14" count="23" type="stmt"/>
        <line num="20" count="23" type="cond" truecount="1" falsecount="1"/>
        <line num="21" count="23" type="cond" truecount="1" falsecount="1"/>
        <line num="22" count="23" type="stmt"/>
        <line num="23" count="23" type="cond" truecount="1" falsecount="1"/>
        <line num="25" count="23" type="cond" truecount="2" falsecount="0"/>
        <line num="27" count="23" type="stmt"/>
        <line num="175" count="1" type="stmt"/>
        <line num="198" count="1" type="stmt"/>
      </file>
      <file name="test-logo.jsx" path="C:\Users\Samar Raj\OneDrive\Desktop\MeraMat\meramat-india\src\components\test-logo.jsx">
        <metrics statements="1" coveredstatements="0" conditionals="0" coveredconditionals="0" methods="0" coveredmethods="0"/>
        <line num="7" count="0" type="stmt"/>
      </file>
    </package>
    <package name="src.phases">
      <metrics statements="34" coveredstatements="20" conditionals="31" coveredconditionals="18" methods="19" coveredmethods="9"/>
      <file name="Diagnostic.jsx" path="C:\Users\Samar Raj\OneDrive\Desktop\MeraMat\meramat-india\src\phases\Diagnostic.jsx">
        <metrics statements="7" coveredstatements="5" conditionals="18" coveredconditionals="9" methods="4" coveredmethods="3"/>
        <line num="9" count="1" type="stmt"/>
        <line num="11" count="1" type="stmt"/>
        <line num="17" count="36" type="stmt"/>
        <line num="77" count="1" type="stmt"/>
        <line num="78" count="0" type="stmt"/>
        <line num="86" count="0" type="stmt"/>
        <line num="89" count="1" type="stmt"/>
      </file>
      <file name="FollowThrough.jsx" path="C:\Users\Samar Raj\OneDrive\Desktop\MeraMat\meramat-india\src\phases\FollowThrough.jsx">
        <metrics statements="27" coveredstatements="15" conditionals="13" coveredconditionals="9" methods="15" coveredmethods="6"/>
        <line num="12" count="15" type="stmt"/>
        <line num="13" count="15" type="stmt"/>
        <line num="14" count="15" type="stmt"/>
        <line num="15" count="15" type="stmt"/>
        <line num="17" count="15" type="stmt"/>
        <line num="18" count="7" type="stmt"/>
        <line num="19" count="7" type="stmt"/>
        <line num="20" count="7" type="stmt"/>
        <line num="21" count="0" type="stmt"/>
        <line num="22" count="7" type="stmt"/>
        <line num="25" count="15" type="stmt"/>
        <line num="27" count="15" type="stmt"/>
        <line num="28" count="0" type="stmt"/>
        <line num="29" count="0" type="stmt"/>
        <line num="30" count="0" type="stmt"/>
        <line num="31" count="0" type="stmt"/>
        <line num="33" count="0" type="stmt"/>
        <line num="38" count="0" type="stmt"/>
        <line num="42" count="15" type="stmt"/>
        <line num="43" count="0" type="stmt"/>
        <line num="46" count="15" type="stmt"/>
        <line num="114" count="15" type="stmt"/>
        <line num="119" count="0" type="stmt"/>
        <line num="120" count="0" type="stmt"/>
        <line num="166" count="3" type="stmt"/>
        <line num="220" count="0" type="stmt"/>
        <line num="240" count="0" type="stmt"/>
      </file>
    </package>
    <package name="src.services">
      <metrics statements="55" coveredstatements="41" conditionals="23" coveredconditionals="14" methods="12" coveredmethods="10"/>
      <file name="gemini.js" path="C:\Users\Samar Raj\OneDrive\Desktop\MeraMat\meramat-india\src\services\gemini.js">
        <metrics statements="48" coveredstatements="34" conditionals="15" coveredconditionals="7" methods="10" coveredmethods="8"/>
        <line num="5" count="2" type="stmt"/>
        <line num="6" count="2" type="stmt"/>
        <line num="7" count="2" type="stmt"/>
        <line num="9" count="2" type="stmt"/>
        <line num="10" count="2" type="stmt"/>
        <line num="13" count="5" type="stmt"/>
        <line num="14" count="5" type="stmt"/>
        <line num="15" count="5" type="stmt"/>
        <line num="16" count="5" type="stmt"/>
        <line num="17" count="5" type="cond" truecount="2" falsecount="0"/>
        <line num="18" count="5" type="stmt"/>
        <line num="19" count="5" type="stmt"/>
        <line num="21" count="0" type="cond" truecount="0" falsecount="2"/>
        <line num="22" count="0" type="cond" truecount="0" falsecount="4"/>
        <line num="23" count="0" type="stmt"/>
        <line num="24" count="0" type="stmt"/>
        <line num="25" count="0" type="stmt"/>
        <line num="27" count="0" type="stmt"/>
        <line num="33" count="1" type="stmt"/>
        <line num="87" count="1" type="stmt"/>
        <line num="88" count="1" type="stmt"/>
        <line num="90" count="1" type="stmt"/>
        <line num="91" count="1" type="stmt"/>
        <line num="93" count="1" type="stmt"/>
        <line num="94" count="1" type="stmt"/>
        <line num="96" count="1" type="cond" truecount="1" falsecount="1"/>
        <line num="98" count="0" type="stmt"/>
        <line num="103" count="0" type="stmt"/>
        <line num="104" count="0" type="stmt"/>
        <line num="105" count="0" type="stmt"/>
        <line num="107" count="0" type="stmt"/>
        <line num="108" count="0" type="stmt"/>
        <line num="117" count="1" type="stmt"/>
        <line num="119" count="0" type="stmt"/>
        <line num="124" count="1" type="cond" truecount="1" falsecount="1"/>
        <line num="125" count="1" type="stmt"/>
        <line num="139" count="1" type="stmt"/>
        <line num="140" count="1" type="stmt"/>
        <line num="142" count="1" type="stmt"/>
        <line num="146" count="3" type="cond" truecount="2" falsecount="0"/>
        <line num="147" count="3" type="stmt"/>
        <line num="167" count="3" type="stmt"/>
        <line num="168" count="3" type="stmt"/>
        <line num="170" count="3" type="stmt"/>
        <line num="171" count="3" type="stmt"/>
        <line num="172" count="3" type="stmt"/>
        <line num="173" count="3" type="stmt"/>
        <line num="175" count="0" type="stmt"/>
      </file>
      <file name="sanitize.js" path="C:\Users\Samar Raj\OneDrive\Desktop\MeraMat\meramat-india\src\services\sanitize.js">
        <metrics statements="3" coveredstatements="3" conditionals="4" coveredconditionals="4" methods="1" coveredmethods="1"/>
        <line num="4" count="20" type="cond" truecount="4" falsecount="0"/>
        <line num="5" count="16" type="stmt"/>
        <line num="6" count="16" type="stmt"/>
      </file>
      <file name="translate.js" path="C:\Users\Samar Raj\OneDrive\Desktop\MeraMat\meramat-india\src\services\translate.js">
        <metrics statements="4" coveredstatements="4" conditionals="4" coveredconditionals="3" methods="1" coveredmethods="1"/>
        <line num="2" count="6" type="cond" truecount="2" falsecount="0"/>
        <line num="4" count="5" type="stmt"/>
        <line num="16" count="5" type="stmt"/>
        <line num="17" count="5" type="stmt"/>
      </file>
    </package>
    <package name="src.utils">
      <metrics statements="23" coveredstatements="4" conditionals="6" coveredconditionals="0" methods="5" coveredmethods="0"/>
      <file name="calendar.js" path="C:\Users\Samar Raj\OneDrive\Desktop\MeraMat\meramat-india\src\utils\calendar.js">
        <metrics statements="5" coveredstatements="0" conditionals="0" coveredconditionals="0" methods="1" coveredmethods="0"/>
        <line num="2" count="0" type="stmt"/>
        <line num="3" count="0" type="stmt"/>
        <line num="9" count="0" type="stmt"/>
        <line num="12" count="0" type="stmt"/>
        <line num="13" count="0" type="stmt"/>
      </file>
      <file name="share.js" path="C:\Users\Samar Raj\OneDrive\Desktop\MeraMat\meramat-india\src\utils\share.js">
        <metrics statements="2" coveredstatements="0" conditionals="0" coveredconditionals="0" methods="1" coveredmethods="0"/>
        <line num="2" count="0" type="stmt"/>
        <line num="9" count="0" type="stmt"/>
      </file>
      <file name="stateData.js" path="C:\Users\Samar Raj\OneDrive\Desktop\MeraMat\meramat-india\src\utils\stateData.js">
        <metrics statements="2" coveredstatements="2" conditionals="0" coveredconditionals="0" methods="0" coveredmethods="0"/>
        <line num="1" count="2" type="stmt"/>
        <line num="40" count="2" type="stmt"/>
      </file>
      <file name="strings.js" path="C:\Users\Samar Raj\OneDrive\Desktop\MeraMat\meramat-india\src\utils\strings.js">
        <metrics statements="1" coveredstatements="1" conditionals="0" coveredconditionals="0" methods="0" coveredmethods="0"/>
        <line num="1" count="3" type="stmt"/>
      </file>
      <file name="tts.js" path="C:\Users\Samar Raj\OneDrive\Desktop\MeraMat\meramat-india\src\utils\tts.js">
        <metrics statements="13" coveredstatements="1" conditionals="6" coveredconditionals="0" methods="3" coveredmethods="0"/>
        <line num="1" count="1" type="stmt"/>
        <line num="4" count="0" type="cond" truecount="0" falsecount="2"/>
        <line num="5" count="0" type="stmt"/>
        <line num="6" count="0" type="stmt"/>
        <line num="7" count="0" type="cond" truecount="0" falsecount="2"/>
        <line num="8" count="0" type="stmt"/>
        <line num="9" count="0" type="stmt"/>
        <line num="10" count="0" type="stmt"/>
        <line num="11" count="0" type="stmt"/>
        <line num="15" count="0" type="cond" truecount="0" falsecount="2"/>
        <line num="16" count="0" type="stmt"/>
        <line num="18" count="0" type="stmt"/>
        <line num="22" count="0" type="stmt"/>
      </file>
    </package>
  </project>
</coverage>
