<?xml version="1.0" encoding="UTF-8"?>
<coverage generated="1777256558616" clover="3.2.0">
  <project timestamp="1777256558616" name="All files">
    <metrics statements="163" coveredstatements="75" conditionals="151" coveredconditionals="59" methods="55" coveredmethods="20" elements="369" coveredelements="154" complexity="0" loc="163" ncloc="163" packages="4" files="19" classes="19"/>
    <package name="components">
      <metrics statements="58" coveredstatements="33" conditionals="98" coveredconditionals="46" methods="21" coveredmethods="10"/>
      <file name="EVMSimulator.jsx" path="C:\Users\Samar Raj\OneDrive\Desktop\MeraMat\meramat-india\src\components\EVMSimulator.jsx">
        <metrics statements="10" coveredstatements="9" conditionals="26" coveredconditionals="18" methods="3" coveredmethods="3"/>
        <line num="4" count="6" type="stmt"/>
        <line num="7" count="6" type="stmt"/>
        <line num="14" count="6" type="cond" truecount="1" falsecount="1"/>
        <line num="15" count="6" type="stmt"/>
        <line num="17" count="6" type="stmt"/>
        <line num="65" count="24" type="stmt"/>
        <line num="66" count="24" type="stmt"/>
        <line num="137" count="1" type="cond" truecount="1" falsecount="1"/>
        <line num="138" count="1" type="stmt"/>
        <line num="140" count="0" type="stmt"/>
      </file>
      <file name="HomeScreen.jsx" path="C:\Users\Samar Raj\OneDrive\Desktop\MeraMat\meramat-india\src\components\HomeScreen.jsx">
        <metrics statements="3" coveredstatements="0" conditionals="16" coveredconditionals="0" methods="1" coveredmethods="0"/>
        <line num="11" count="0" type="stmt"/>
        <line num="13" count="0" type="stmt"/>
        <line num="24" count="0" type="stmt"/>
      </file>
      <file name="LanguageToggle.jsx" path="C:\Users\Samar Raj\OneDrive\Desktop\MeraMat\meramat-india\src\components\LanguageToggle.jsx">
        <metrics statements="5" coveredstatements="0" conditionals="5" coveredconditionals="0" methods="4" coveredmethods="0"/>
        <line num="4" count="0" type="stmt"/>
        <line num="13" count="0" type="stmt"/>
        <line num="28" count="0" type="stmt"/>
        <line num="33" count="0" type="stmt"/>
        <line num="40" count="0" type="stmt"/>
      </file>
      <file name="LoadingScreen.jsx" path="C:\Users\Samar Raj\OneDrive\Desktop\MeraMat\meramat-india\src\components\LoadingScreen.jsx">
        <metrics statements="1" coveredstatements="0" conditionals="3" coveredconditionals="0" methods="1" coveredmethods="0"/>
        <line num="4" count="0" type="stmt"/>
      </file>
      <file name="LogoMark.jsx" path="C:\Users\Samar Raj\OneDrive\Desktop\MeraMat\meramat-india\src\components\LogoMark.jsx">
        <metrics statements="1" coveredstatements="0" conditionals="1" coveredconditionals="0" methods="1" coveredmethods="0"/>
        <line num="2" count="0" type="stmt"/>
      </file>
      <file name="QuestionFlow.jsx" path="C:\Users\Samar Raj\OneDrive\Desktop\MeraMat\meramat-india\src\components\QuestionFlow.jsx">
        <metrics statements="14" coveredstatements="14" conditionals="10" coveredconditionals="7" methods="4" coveredmethods="4"/>
        <line num="4" count="9" type="stmt"/>
        <line num="5" count="9" type="stmt"/>
        <line num="7" count="9" type="cond" truecount="3" falsecount="1"/>
        <line num="9" count="9" type="stmt"/>
        <line num="11" count="9" type="stmt"/>
        <line num="13" count="9" type="stmt"/>
        <line num="14" count="4" type="stmt"/>
        <line num="16" count="4" type="cond" truecount="2" falsecount="0"/>
        <line num="17" count="3" type="stmt"/>
        <line num="18" count="3" type="stmt"/>
        <line num="21" count="1" type="stmt"/>
        <line num="25" count="9" type="stmt"/>
        <line num="102" count="18" type="stmt"/>
        <line num="106" count="4" type="stmt"/>
      </file>
      <file name="ReadinessScore.jsx" path="C:\Users\Samar Raj\OneDrive\Desktop\MeraMat\meramat-india\src\components\ReadinessScore.jsx">
        <metrics statements="13" coveredstatements="0" conditionals="9" coveredconditionals="0" methods="4" coveredmethods="0"/>
        <line num="4" count="0" type="stmt"/>
        <line num="7" count="0" type="stmt"/>
        <line num="8" count="0" type="stmt"/>
        <line num="9" count="0" type="stmt"/>
        <line num="11" count="0" type="stmt"/>
        <line num="14" count="0" type="stmt"/>
        <line num="15" count="0" type="stmt"/>
        <line num="17" count="0" type="stmt"/>
        <line num="18" count="0" type="cond" truecount="0" falsecount="2"/>
        <line num="19" count="0" type="stmt"/>
        <line num="20" count="0" type="cond" truecount="0" falsecount="2"/>
        <line num="21" count="0" type="stmt"/>
        <line num="24" count="0" type="stmt"/>
      </file>
      <file name="StepCard.jsx" path="C:\Users\Samar Raj\OneDrive\Desktop\MeraMat\meramat-india\src\components\StepCard.jsx">
        <metrics statements="10" coveredstatements="10" conditionals="28" coveredconditionals="21" methods="3" coveredmethods="3"/>
        <line num="12" count="8" type="cond" truecount="1" falsecount="1"/>
        <line num="14" count="8" type="stmt"/>
        <line num="20" count="8" type="cond" truecount="1" falsecount="1"/>
        <line num="21" count="8" type="cond" truecount="1" falsecount="1"/>
        <line num="22" count="8" type="stmt"/>
        <line num="23" count="8" type="cond" truecount="1" falsecount="1"/>
        <line num="25" count="8" type="cond" truecount="2" falsecount="0"/>
        <line num="27" count="8" type="stmt"/>
        <line num="175" count="1" type="stmt"/>
        <line num="198" count="1" type="stmt"/>
      </file>
      <file name="test-logo.jsx" path="C:\Users\Samar Raj\OneDrive\Desktop\MeraMat\meramat-india\src\components\test-logo.jsx">
        <metrics statements="1" coveredstatements="0" conditionals="0" coveredconditionals="0" methods="0" coveredmethods="0"/>
        <line num="7" count="0" type="stmt"/>
      </file>
    </package>
    <package name="phases">
      <metrics statements="34" coveredstatements="0" conditionals="31" coveredconditionals="0" methods="19" coveredmethods="0"/>
      <file name="Diagnostic.jsx" path="C:\Users\Samar Raj\OneDrive\Desktop\MeraMat\meramat-india\src\phases\Diagnostic.jsx">
        <metrics statements="7" coveredstatements="0" conditionals="18" coveredconditionals="0" methods="4" coveredmethods="0"/>
        <line num="9" count="0" type="stmt"/>
        <line num="11" count="0" type="stmt"/>
        <line num="17" count="0" type="stmt"/>
        <line num="77" count="0" type="stmt"/>
        <line num="78" count="0" type="stmt"/>
        <line num="86" count="0" type="stmt"/>
        <line num="89" count="0" type="stmt"/>
      </file>
      <file name="FollowThrough.jsx" path="C:\Users\Samar Raj\OneDrive\Desktop\MeraMat\meramat-india\src\phases\FollowThrough.jsx">
        <metrics statements="27" coveredstatements="0" conditionals="13" coveredconditionals="0" methods="15" coveredmethods="0"/>
        <line num="12" count="0" type="stmt"/>
        <line num="13" count="0" type="stmt"/>
        <line num="14" count="0" type="stmt"/>
        <line num="15" count="0" type="stmt"/>
        <line num="17" count="0" type="stmt"/>
        <line num="18" count="0" type="stmt"/>
        <line num="19" count="0" type="stmt"/>
        <line num="20" count="0" type="stmt"/>
        <line num="21" count="0" type="stmt"/>
        <line num="22" count="0" type="stmt"/>
        <line num="25" count="0" type="stmt"/>
        <line num="27" count="0" type="stmt"/>
        <line num="28" count="0" type="stmt"/>
        <line num="29" count="0" type="stmt"/>
        <line num="30" count="0" type="stmt"/>
        <line num="31" count="0" type="stmt"/>
        <line num="33" count="0" type="stmt"/>
        <line num="38" count="0" type="stmt"/>
        <line num="42" count="0" type="stmt"/>
        <line num="43" count="0" type="stmt"/>
        <line num="46" count="0" type="stmt"/>
        <line num="114" count="0" type="stmt"/>
        <line num="119" count="0" type="stmt"/>
        <line num="120" count="0" type="stmt"/>
        <line num="166" count="0" type="stmt"/>
        <line num="219" count="0" type="stmt"/>
        <line num="238" count="0" type="stmt"/>
      </file>
    </package>
    <package name="services">
      <metrics statements="48" coveredstatements="39" conditionals="16" coveredconditionals="13" methods="10" coveredmethods="10"/>
      <file name="gemini.js" path="C:\Users\Samar Raj\OneDrive\Desktop\MeraMat\meramat-india\src\services\gemini.js">
        <metrics statements="41" coveredstatements="32" conditionals="8" coveredconditionals="6" methods="8" coveredmethods="8"/>
        <line num="5" count="1" type="stmt"/>
        <line num="6" count="1" type="stmt"/>
        <line num="7" count="1" type="stmt"/>
        <line num="9" count="1" type="stmt"/>
        <line num="10" count="1" type="stmt"/>
        <line num="13" count="5" type="stmt"/>
        <line num="14" count="5" type="stmt"/>
        <line num="15" count="5" type="cond" truecount="2" falsecount="0"/>
        <line num="16" count="5" type="stmt"/>
        <line num="17" count="5" type="stmt"/>
        <line num="21" count="1" type="stmt"/>
        <line num="75" count="1" type="stmt"/>
        <line num="76" count="1" type="stmt"/>
        <line num="78" count="1" type="stmt"/>
        <line num="79" count="1" type="stmt"/>
        <line num="81" count="1" type="stmt"/>
        <line num="82" count="1" type="stmt"/>
        <line num="84" count="1" type="cond" truecount="1" falsecount="1"/>
        <line num="85" count="0" type="stmt"/>
        <line num="86" count="0" type="stmt"/>
        <line num="87" count="0" type="stmt"/>
        <line num="89" count="0" type="stmt"/>
        <line num="90" count="0" type="stmt"/>
        <line num="91" count="0" type="stmt"/>
        <line num="92" count="0" type="stmt"/>
        <line num="96" count="1" type="stmt"/>
        <line num="98" count="0" type="stmt"/>
        <line num="103" count="1" type="cond" truecount="1" falsecount="1"/>
        <line num="104" count="1" type="stmt"/>
        <line num="118" count="1" type="stmt"/>
        <line num="119" count="1" type="stmt"/>
        <line num="121" count="1" type="stmt"/>
        <line num="125" count="3" type="cond" truecount="2" falsecount="0"/>
        <line num="126" count="3" type="stmt"/>
        <line num="146" count="3" type="stmt"/>
        <line num="147" count="3" type="stmt"/>
        <line num="149" count="3" type="stmt"/>
        <line num="150" count="3" type="stmt"/>
        <line num="151" count="3" type="stmt"/>
        <line num="152" count="3" type="stmt"/>
        <line num="154" count="0" type="stmt"/>
      </file>
      <file name="sanitize.js" path="C:\Users\Samar Raj\OneDrive\Desktop\MeraMat\meramat-india\src\services\sanitize.js">
        <metrics statements="3" coveredstatements="3" conditionals="4" coveredconditionals="4" methods="1" coveredmethods="1"/>
        <line num="4" count="20" type="cond" truecount="4" falsecount="0"/>
        <line num="5" count="16" type="stmt"/>
        <line num="6" count="16" type="stmt"/>
      </file>
      <file name="translate.js" path="C:\Users\Samar Raj\OneDrive\Desktop\MeraMat\meramat-india\src\services\translate.js">
        <metrics statements="4" coveredstatements="4" conditionals="4" coveredconditionals="3" methods="1" coveredmethods="1"/>
        <line num="2" count="6" type="cond" truecount="2" falsecount="0"/>
        <line num="4" count="5" type="stmt"/>
        <line num="16" count="5" type="stmt"/>
        <line num="17" count="5" type="stmt"/>
      </file>
    </package>
    <package name="utils">
      <metrics statements="23" coveredstatements="3" conditionals="6" coveredconditionals="0" methods="5" coveredmethods="0"/>
      <file name="calendar.js" path="C:\Users\Samar Raj\OneDrive\Desktop\MeraMat\meramat-india\src\utils\calendar.js">
        <metrics statements="5" coveredstatements="0" conditionals="0" coveredconditionals="0" methods="1" coveredmethods="0"/>
        <line num="2" count="0" type="stmt"/>
        <line num="3" count="0" type="stmt"/>
        <line num="9" count="0" type="stmt"/>
        <line num="12" count="0" type="stmt"/>
        <line num="13" count="0" type="stmt"/>
      </file>
      <file name="share.js" path="C:\Users\Samar Raj\OneDrive\Desktop\MeraMat\meramat-india\src\utils\share.js">
        <metrics statements="2" coveredstatements="0" conditionals="0" coveredconditionals="0" methods="1" coveredmethods="0"/>
        <line num="2" count="0" type="stmt"/>
        <line num="9" count="0" type="stmt"/>
      </file>
      <file name="stateData.js" path="C:\Users\Samar Raj\OneDrive\Desktop\MeraMat\meramat-india\src\utils\stateData.js">
        <metrics statements="2" coveredstatements="2" conditionals="0" coveredconditionals="0" methods="0" coveredmethods="0"/>
        <line num="1" count="1" type="stmt"/>
        <line num="40" count="1" type="stmt"/>
      </file>
      <file name="strings.js" path="C:\Users\Samar Raj\OneDrive\Desktop\MeraMat\meramat-india\src\utils\strings.js">
        <metrics statements="1" coveredstatements="1" conditionals="0" coveredconditionals="0" methods="0" coveredmethods="0"/>
        <line num="1" count="1" type="stmt"/>
      </file>
      <file name="tts.js" path="C:\Users\Samar Raj\OneDrive\Desktop\MeraMat\meramat-india\src\utils\tts.js">
        <metrics statements="13" coveredstatements="0" conditionals="6" coveredconditionals="0" methods="3" coveredmethods="0"/>
        <line num="1" count="0" type="stmt"/>
        <line num="4" count="0" type="cond" truecount="0" falsecount="2"/>
        <line num="5" count="0" type="stmt"/>
        <line num="6" count="0" type="stmt"/>
        <line num="7" count="0" type="cond" truecount="0" falsecount="2"/>
        <line num="8" count="0" type="stmt"/>
        <line num="9" count="0" type="stmt"/>
        <line num="10" count="0" type="stmt"/>
        <line num="11" count="0" type="stmt"/>
        <line num="15" count="0" type="cond" truecount="0" falsecount="2"/>
        <line num="16" count="0" type="stmt"/>
        <line num="18" count="0" type="stmt"/>
        <line num="22" count="0" type="stmt"/>
      </file>
    </package>
  </project>
</coverage>
