{"C:\\Users\\Samar Raj\\OneDrive\\Desktop\\MeraMat\\meramat-india\\src\\components\\EVMSimulator.jsx": {"path":"C:\\Users\\Samar Raj\\OneDrive\\Desktop\\MeraMat\\meramat-india\\src\\components\\EVMSimulator.jsx","statementMap":{"0":{"start":{"line":4,"column":22},"end":{"line":4,"column":51}},"1":{"start":{"line":7,"column":23},"end":{"line":12,"column":null}},"2":{"start":{"line":14,"column":16},"end":{"line":14,"column":null}},"3":{"start":{"line":15,"column":15},"end":{"line":15,"column":null}},"4":{"start":{"line":17,"column":2},"end":{"line":183,"column":null}},"5":{"start":{"line":65,"column":27},"end":{"line":65,"column":null}},"6":{"start":{"line":66,"column":10},"end":{"line":76,"column":null}},"7":{"start":{"line":137,"column":10},"end":{"line":140,"column":null}},"8":{"start":{"line":138,"column":12},"end":{"line":138,"column":null}},"9":{"start":{"line":140,"column":12},"end":{"line":140,"column":null}}},"fnMap":{"0":{"name":"EVMSimulator","decl":{"start":{"line":3,"column":24},"end":{"line":3,"column":37}},"loc":{"start":{"line":3,"column":82},"end":{"line":183,"column":null}},"line":3},"1":{"name":"(anonymous_1)","decl":{"start":{"line":64,"column":15},"end":{"line":64,"column":20}},"loc":{"start":{"line":64,"column":31},"end":{"line":76,"column":null}},"line":64},"2":{"name":"(anonymous_2)","decl":{"start":{"line":136,"column":8},"end":{"line":136,"column":23}},"loc":{"start":{"line":136,"column":23},"end":{"line":140,"column":null}},"line":136}},"branchMap":{"0":{"loc":{"start":{"line":3,"column":39},"end":{"line":3,"column":55}},"type":"default-arg","locations":[{"start":{"line":3,"column":53},"end":{"line":3,"column":55}}],"line":3},"1":{"loc":{"start":{"line":3,"column":57},"end":{"line":3,"column":69}},"type":"default-arg","locations":[{"start":{"line":3,"column":67},"end":{"line":3,"column":69}}],"line":3},"2":{"loc":{"start":{"line":14,"column":16},"end":{"line":14,"column":null}},"type":"binary-expr","locations":[{"start":{"line":14,"column":16},"end":{"line":14,"column":37}},{"start":{"line":14,"column":37},"end":{"line":14,"column":null}}],"line":14},"3":{"loc":{"start":{"line":32,"column":13},"end":{"line":32,"column":null}},"type":"binary-expr","locations":[{"start":{"line":32,"column":13},"end":{"line":32,"column":34}},{"start":{"line":32,"column":34},"end":{"line":32,"column":null}}],"line":32},"4":{"loc":{"start":{"line":35,"column":13},"end":{"line":35,"column":null}},"type":"binary-expr","locations":[{"start":{"line":35,"column":13},"end":{"line":35,"column":37}},{"start":{"line":35,"column":37},"end":{"line":35,"column":null}}],"line":35},"5":{"loc":{"start":{"line":70,"column":23},"end":{"line":70,"column":null}},"type":"cond-expr","locations":[{"start":{"line":70,"column":34},"end":{"line":70,"column":43}},{"start":{"line":70,"column":43},"end":{"line":70,"column":null}}],"line":70},"6":{"loc":{"start":{"line":72,"column":28},"end":{"line":72,"column":null}},"type":"cond-expr","locations":[{"start":{"line":72,"column":39},"end":{"line":72,"column":64}},{"start":{"line":72,"column":64},"end":{"line":72,"column":null}}],"line":72},"7":{"loc":{"start":{"line":82,"column":7},"end":{"line":128,"column":null}},"type":"binary-expr","locations":[{"start":{"line":82,"column":7},"end":{"line":82,"column":null}},{"start":{"line":83,"column":8},"end":{"line":128,"column":null}}],"line":82},"8":{"loc":{"start":{"line":115,"column":11},"end":{"line":128,"column":null}},"type":"binary-expr","locations":[{"start":{"line":115,"column":11},"end":{"line":115,"column":null}},{"start":{"line":116,"column":12},"end":{"line":128,"column":null}}],"line":115},"9":{"loc":{"start":{"line":137,"column":10},"end":{"line":140,"column":null}},"type":"if","locations":[{"start":{"line":137,"column":10},"end":{"line":140,"column":null}},{"start":{"line":139,"column":17},"end":{"line":140,"column":null}}],"line":137},"10":{"loc":{"start":{"line":163,"column":9},"end":{"line":163,"column":null}},"type":"cond-expr","locations":[{"start":{"line":163,"column":42},"end":{"line":163,"column":54}},{"start":{"line":163,"column":54},"end":{"line":163,"column":null}}],"line":163},"11":{"loc":{"start":{"line":163,"column":54},"end":{"line":163,"column":null}},"type":"binary-expr","locations":[{"start":{"line":163,"column":54},"end":{"line":163,"column":75}},{"start":{"line":163,"column":75},"end":{"line":163,"column":null}}],"line":163},"12":{"loc":{"start":{"line":167,"column":7},"end":{"line":183,"column":null}},"type":"binary-expr","locations":[{"start":{"line":167,"column":7},"end":{"line":167,"column":null}},{"start":{"line":168,"column":8},"end":{"line":183,"column":null}}],"line":167},"13":{"loc":{"start":{"line":182,"column":11},"end":{"line":182,"column":null}},"type":"binary-expr","locations":[{"start":{"line":182,"column":11},"end":{"line":182,"column":31}},{"start":{"line":182,"column":31},"end":{"line":182,"column":null}}],"line":182}},"s":{"0":6,"1":6,"2":6,"3":6,"4":6,"5":24,"6":24,"7":1,"8":1,"9":0},"f":{"0":6,"1":24,"2":1},"b":{"0":[6],"1":[6],"2":[6,0],"3":[6,0],"4":[6,0],"5":[6,18],"6":[6,18],"7":[6,6],"8":[6,6],"9":[1,0],"10":[6,0],"11":[0,0],"12":[6,6],"13":[6,0]},"meta":{"lastBranch":14,"lastFunction":3,"lastStatement":10,"seen":{"f:3:24:3:37":0,"b:3:53:3:55":0,"b:3:67:3:69":1,"s:4:22:4:51":0,"s:7:23:12:Infinity":1,"s:14:16:14:Infinity":2,"b:14:16:14:37:14:37:14:Infinity":2,"s:15:15:15:Infinity":3,"s:17:2:183:Infinity":4,"b:32:13:32:34:32:34:32:Infinity":3,"b:35:13:35:37:35:37:35:Infinity":4,"f:64:15:64:20":1,"s:65:27:65:Infinity":5,"s:66:10:76:Infinity":6,"b:70:34:70:43:70:43:70:Infinity":5,"b:72:39:72:64:72:64:72:Infinity":6,"b:82:7:82:Infinity:83:8:128:Infinity":7,"b:115:11:115:Infinity:116:12:128:Infinity":8,"f:136:8:136:23":2,"b:137:10:140:Infinity:139:17:140:Infinity":9,"s:137:10:140:Infinity":7,"s:138:12:138:Infinity":8,"s:140:12:140:Infinity":9,"b:163:42:163:54:163:54:163:Infinity":10,"b:163:54:163:75:163:75:163:Infinity":11,"b:167:7:167:Infinity:168:8:183:Infinity":12,"b:182:11:182:31:182:31:182:Infinity":13}}}
,"C:\\Users\\Samar Raj\\OneDrive\\Desktop\\MeraMat\\meramat-india\\src\\components\\QuestionFlow.jsx": {"path":"C:\\Users\\Samar Raj\\OneDrive\\Desktop\\MeraMat\\meramat-india\\src\\components\\QuestionFlow.jsx","statementMap":{"0":{"start":{"line":4,"column":23},"end":{"line":4,"column":53}},"1":{"start":{"line":5,"column":18},"end":{"line":5,"column":44}},"2":{"start":{"line":7,"column":2},"end":{"line":7,"column":null}},"3":{"start":{"line":7,"column":44},"end":{"line":7,"column":null}},"4":{"start":{"line":9,"column":26},"end":{"line":9,"column":null}},"5":{"start":{"line":11,"column":27},"end":{"line":11,"column":null}},"6":{"start":{"line":13,"column":8},"end":{"line":21,"column":null}},"7":{"start":{"line":14,"column":23},"end":{"line":14,"column":null}},"8":{"start":{"line":16,"column":4},"end":{"line":21,"column":null}},"9":{"start":{"line":17,"column":6},"end":{"line":17,"column":null}},"10":{"start":{"line":18,"column":6},"end":{"line":18,"column":null}},"11":{"start":{"line":21,"column":6},"end":{"line":21,"column":null}},"12":{"start":{"line":25,"column":2},"end":{"line":111,"column":null}},"13":{"start":{"line":102,"column":10},"end":{"line":109,"column":null}},"14":{"start":{"line":106,"column":27},"end":{"line":106,"column":58}}},"fnMap":{"0":{"name":"QuestionFlow","decl":{"start":{"line":3,"column":24},"end":{"line":3,"column":37}},"loc":{"start":{"line":3,"column":83},"end":{"line":111,"column":null}},"line":3},"1":{"name":"(anonymous_1)","decl":{"start":{"line":13,"column":8},"end":{"line":13,"column":29}},"loc":{"start":{"line":13,"column":45},"end":{"line":21,"column":null}},"line":13},"2":{"name":"(anonymous_2)","decl":{"start":{"line":101,"column":33},"end":{"line":101,"column":38}},"loc":{"start":{"line":102,"column":10},"end":{"line":109,"column":null}},"line":102},"3":{"name":"(anonymous_3)","decl":{"start":{"line":106,"column":12},"end":{"line":106,"column":27}},"loc":{"start":{"line":106,"column":27},"end":{"line":106,"column":58}},"line":106}},"branchMap":{"0":{"loc":{"start":{"line":7,"column":2},"end":{"line":7,"column":null}},"type":"if","locations":[{"start":{"line":7,"column":2},"end":{"line":7,"column":null}},{"start":{},"end":{}}],"line":7},"1":{"loc":{"start":{"line":7,"column":6},"end":{"line":7,"column":44}},"type":"binary-expr","locations":[{"start":{"line":7,"column":6},"end":{"line":7,"column":20}},{"start":{"line":7,"column":20},"end":{"line":7,"column":44}}],"line":7},"2":{"loc":{"start":{"line":16,"column":4},"end":{"line":21,"column":null}},"type":"if","locations":[{"start":{"line":16,"column":4},"end":{"line":21,"column":null}},{"start":{"line":19,"column":11},"end":{"line":21,"column":null}}],"line":16},"3":{"loc":{"start":{"line":91,"column":9},"end":{"line":91,"column":41}},"type":"binary-expr","locations":[{"start":{"line":91,"column":9},"end":{"line":91,"column":30}},{"start":{"line":91,"column":30},"end":{"line":91,"column":41}}],"line":91},"4":{"loc":{"start":{"line":91,"column":62},"end":{"line":91,"column":82}},"type":"binary-expr","locations":[{"start":{"line":91,"column":62},"end":{"line":91,"column":77}},{"start":{"line":91,"column":77},"end":{"line":91,"column":82}}],"line":91}},"s":{"0":9,"1":9,"2":9,"3":0,"4":9,"5":9,"6":9,"7":4,"8":4,"9":3,"10":3,"11":1,"12":9,"13":18,"14":4},"f":{"0":9,"1":4,"2":18,"3":4},"b":{"0":[0,9],"1":[9,9],"2":[3,1],"3":[9,0],"4":[9,0]},"meta":{"lastBranch":5,"lastFunction":4,"lastStatement":15,"seen":{"f:3:24:3:37":0,"s:4:23:4:53":0,"s:5:18:5:44":1,"b:7:2:7:Infinity:undefined:undefined:undefined:undefined":0,"s:7:2:7:Infinity":2,"b:7:6:7:20:7:20:7:44":1,"s:7:44:7:Infinity":3,"s:9:26:9:Infinity":4,"s:11:27:11:Infinity":5,"s:13:8:21:Infinity":6,"f:13:8:13:29":1,"s:14:23:14:Infinity":7,"b:16:4:21:Infinity:19:11:21:Infinity":2,"s:16:4:21:Infinity":8,"s:17:6:17:Infinity":9,"s:18:6:18:Infinity":10,"s:21:6:21:Infinity":11,"s:25:2:111:Infinity":12,"b:91:9:91:30:91:30:91:41":3,"b:91:62:91:77:91:77:91:82":4,"f:101:33:101:38":2,"s:102:10:109:Infinity":13,"f:106:12:106:27":3,"s:106:27:106:58":14}}}
,"C:\\Users\\Samar Raj\\OneDrive\\Desktop\\MeraMat\\meramat-india\\src\\components\\StepCard.jsx": {"path":"C:\\Users\\Samar Raj\\OneDrive\\Desktop\\MeraMat\\meramat-india\\src\\components\\StepCard.jsx","statementMap":{"0":{"start":{"line":12,"column":2},"end":{"line":12,"column":null}},"1":{"start":{"line":12,"column":13},"end":{"line":12,"column":null}},"2":{"start":{"line":14,"column":25},"end":{"line":18,"column":null}},"3":{"start":{"line":20,"column":15},"end":{"line":20,"column":null}},"4":{"start":{"line":21,"column":17},"end":{"line":21,"column":null}},"5":{"start":{"line":22,"column":19},"end":{"line":22,"column":63}},"6":{"start":{"line":23,"column":23},"end":{"line":23,"column":null}},"7":{"start":{"line":25,"column":18},"end":{"line":25,"column":68}},"8":{"start":{"line":27,"column":2},"end":{"line":222,"column":null}},"9":{"start":{"line":175,"column":27},"end":{"line":175,"column":43}},"10":{"start":{"line":198,"column":27},"end":{"line":198,"column":44}}},"fnMap":{"0":{"name":"StepCard","decl":{"start":{"line":3,"column":24},"end":{"line":3,"column":33}},"loc":{"start":{"line":11,"column":3},"end":{"line":222,"column":null}},"line":11},"1":{"name":"(anonymous_1)","decl":{"start":{"line":175,"column":12},"end":{"line":175,"column":27}},"loc":{"start":{"line":175,"column":27},"end":{"line":175,"column":43}},"line":175},"2":{"name":"(anonymous_2)","decl":{"start":{"line":198,"column":12},"end":{"line":198,"column":27}},"loc":{"start":{"line":198,"column":27},"end":{"line":198,"column":44}},"line":198}},"branchMap":{"0":{"loc":{"start":{"line":5,"column":2},"end":{"line":5,"column":14}},"type":"default-arg","locations":[{"start":{"line":5,"column":12},"end":{"line":5,"column":14}}],"line":5},"1":{"loc":{"start":{"line":6,"column":2},"end":{"line":6,"column":null}},"type":"default-arg","locations":[{"start":{"line":6,"column":13},"end":{"line":6,"column":null}}],"line":6},"2":{"loc":{"start":{"line":9,"column":2},"end":{"line":9,"column":null}},"type":"default-arg","locations":[{"start":{"line":9,"column":16},"end":{"line":9,"column":null}}],"line":9},"3":{"loc":{"start":{"line":10,"column":2},"end":{"line":10,"column":null}},"type":"default-arg","locations":[{"start":{"line":10,"column":21},"end":{"line":10,"column":null}}],"line":10},"4":{"loc":{"start":{"line":12,"column":2},"end":{"line":12,"column":null}},"type":"if","locations":[{"start":{"line":12,"column":2},"end":{"line":12,"column":null}},{"start":{},"end":{}}],"line":12},"5":{"loc":{"start":{"line":20,"column":15},"end":{"line":20,"column":null}},"type":"cond-expr","locations":[{"start":{"line":20,"column":31},"end":{"line":20,"column":58}},{"start":{"line":20,"column":61},"end":{"line":20,"column":null}}],"line":20},"6":{"loc":{"start":{"line":21,"column":17},"end":{"line":21,"column":null}},"type":"binary-expr","locations":[{"start":{"line":21,"column":17},"end":{"line":21,"column":41}},{"start":{"line":21,"column":41},"end":{"line":21,"column":null}}],"line":21},"7":{"loc":{"start":{"line":23,"column":23},"end":{"line":23,"column":null}},"type":"binary-expr","locations":[{"start":{"line":23,"column":23},"end":{"line":23,"column":59}},{"start":{"line":23,"column":59},"end":{"line":23,"column":null}}],"line":23},"8":{"loc":{"start":{"line":25,"column":18},"end":{"line":25,"column":68}},"type":"binary-expr","locations":[{"start":{"line":25,"column":18},"end":{"line":25,"column":35}},{"start":{"line":25,"column":35},"end":{"line":25,"column":68}}],"line":25},"9":{"loc":{"start":{"line":136,"column":7},"end":{"line":152,"column":null}},"type":"binary-expr","locations":[{"start":{"line":136,"column":7},"end":{"line":136,"column":null}},{"start":{"line":137,"column":8},"end":{"line":152,"column":null}}],"line":136},"10":{"loc":{"start":{"line":151,"column":11},"end":{"line":151,"column":null}},"type":"binary-expr","locations":[{"start":{"line":151,"column":11},"end":{"line":151,"column":36}},{"start":{"line":151,"column":36},"end":{"line":151,"column":null}}],"line":151},"11":{"loc":{"start":{"line":201,"column":30},"end":{"line":201,"column":58}},"type":"cond-expr","locations":[{"start":{"line":201,"column":49},"end":{"line":201,"column":55}},{"start":{"line":201,"column":55},"end":{"line":201,"column":58}}],"line":201},"12":{"loc":{"start":{"line":203,"column":13},"end":{"line":203,"column":null}},"type":"cond-expr","locations":[{"start":{"line":203,"column":33},"end":{"line":203,"column":73}},{"start":{"line":203,"column":73},"end":{"line":203,"column":null}}],"line":203},"13":{"loc":{"start":{"line":203,"column":33},"end":{"line":203,"column":73}},"type":"binary-expr","locations":[{"start":{"line":203,"column":33},"end":{"line":203,"column":56}},{"start":{"line":203,"column":56},"end":{"line":203,"column":73}}],"line":203},"14":{"loc":{"start":{"line":203,"column":73},"end":{"line":203,"column":null}},"type":"binary-expr","locations":[{"start":{"line":203,"column":73},"end":{"line":203,"column":97}},{"start":{"line":203,"column":97},"end":{"line":203,"column":null}}],"line":203},"15":{"loc":{"start":{"line":209,"column":7},"end":{"line":222,"column":null}},"type":"binary-expr","locations":[{"start":{"line":209,"column":7},"end":{"line":209,"column":null}},{"start":{"line":210,"column":8},"end":{"line":222,"column":null}}],"line":209}},"s":{"0":8,"1":0,"2":8,"3":8,"4":8,"5":8,"6":8,"7":8,"8":8,"9":1,"10":1},"f":{"0":8,"1":1,"2":1},"b":{"0":[8],"1":[8],"2":[8],"3":[8],"4":[0,8],"5":[8,0],"6":[8,0],"7":[8,0],"8":[8,8],"9":[8,8],"10":[8,0],"11":[1,7],"12":[1,7],"13":[1,0],"14":[7,0],"15":[8,1]},"meta":{"lastBranch":16,"lastFunction":3,"lastStatement":11,"seen":{"f:3:24:3:33":0,"b:5:12:5:14":0,"b:6:13:6:Infinity":1,"b:9:16:9:Infinity":2,"b:10:21:10:Infinity":3,"b:12:2:12:Infinity:undefined:undefined:undefined:undefined":4,"s:12:2:12:Infinity":0,"s:12:13:12:Infinity":1,"s:14:25:18:Infinity":2,"s:20:15:20:Infinity":3,"b:20:31:20:58:20:61:20:Infinity":5,"s:21:17:21:Infinity":4,"b:21:17:21:41:21:41:21:Infinity":6,"s:22:19:22:63":5,"s:23:23:23:Infinity":6,"b:23:23:23:59:23:59:23:Infinity":7,"s:25:18:25:68":7,"b:25:18:25:35:25:35:25:68":8,"s:27:2:222:Infinity":8,"b:136:7:136:Infinity:137:8:152:Infinity":9,"b:151:11:151:36:151:36:151:Infinity":10,"f:175:12:175:27":1,"s:175:27:175:43":9,"f:198:12:198:27":2,"s:198:27:198:44":10,"b:201:49:201:55:201:55:201:58":11,"b:203:33:203:73:203:73:203:Infinity":12,"b:203:33:203:56:203:56:203:73":13,"b:203:73:203:97:203:97:203:Infinity":14,"b:209:7:209:Infinity:210:8:222:Infinity":15}}}
,"C:\\Users\\Samar Raj\\OneDrive\\Desktop\\MeraMat\\meramat-india\\src\\services\\sanitize.js": {"path":"C:\\Users\\Samar Raj\\OneDrive\\Desktop\\MeraMat\\meramat-india\\src\\services\\sanitize.js","statementMap":{"0":{"start":{"line":4,"column":2},"end":{"line":4,"column":null}},"1":{"start":{"line":4,"column":41},"end":{"line":4,"column":null}},"2":{"start":{"line":5,"column":16},"end":{"line":5,"column":62}},"3":{"start":{"line":6,"column":2},"end":{"line":6,"column":null}}},"fnMap":{"0":{"name":"sanitizeInput","decl":{"start":{"line":3,"column":16},"end":{"line":3,"column":30}},"loc":{"start":{"line":3,"column":36},"end":{"line":6,"column":null}},"line":3}},"branchMap":{"0":{"loc":{"start":{"line":4,"column":2},"end":{"line":4,"column":null}},"type":"if","locations":[{"start":{"line":4,"column":2},"end":{"line":4,"column":null}},{"start":{},"end":{}}],"line":4},"1":{"loc":{"start":{"line":4,"column":6},"end":{"line":4,"column":41}},"type":"binary-expr","locations":[{"start":{"line":4,"column":6},"end":{"line":4,"column":15}},{"start":{"line":4,"column":15},"end":{"line":4,"column":41}}],"line":4}},"s":{"0":7,"1":2,"2":5,"3":5},"f":{"0":7},"b":{"0":[2,5],"1":[7,6]},"meta":{"lastBranch":2,"lastFunction":1,"lastStatement":4,"seen":{"f:3:16:3:30":0,"b:4:2:4:Infinity:undefined:undefined:undefined:undefined":0,"s:4:2:4:Infinity":0,"b:4:6:4:15:4:15:4:41":1,"s:4:41:4:Infinity":1,"s:5:16:5:62":2,"s:6:2:6:Infinity":3}}}
,"C:\\Users\\Samar Raj\\OneDrive\\Desktop\\MeraMat\\meramat-india\\src\\utils\\stateData.js": {"path":"C:\\Users\\Samar Raj\\OneDrive\\Desktop\\MeraMat\\meramat-india\\src\\utils\\stateData.js","statementMap":{"0":{"start":{"line":1,"column":29},"end":{"line":38,"column":null}},"1":{"start":{"line":40,"column":31},"end":{"line":77,"column":null}}},"fnMap":{},"branchMap":{},"s":{"0":1,"1":1},"f":{},"b":{},"meta":{"lastBranch":0,"lastFunction":0,"lastStatement":2,"seen":{"s:1:29:38:Infinity":0,"s:40:31:77:Infinity":1}}}
,"C:\\Users\\Samar Raj\\OneDrive\\Desktop\\MeraMat\\meramat-india\\src\\utils\\strings.js": {"path":"C:\\Users\\Samar Raj\\OneDrive\\Desktop\\MeraMat\\meramat-india\\src\\utils\\strings.js","statementMap":{"0":{"start":{"line":1,"column":23},"end":{"line":138,"column":null}}},"fnMap":{},"branchMap":{},"s":{"0":1},"f":{},"b":{},"meta":{"lastBranch":0,"lastFunction":0,"lastStatement":1,"seen":{"s:1:23:138:Infinity":0}}}
}
