{"C:\\Users\\Samar Raj\\OneDrive\\Desktop\\MeraMat\\meramat-india\\src\\components\\EVMSimulator.jsx": {"path":"C:\\Users\\Samar Raj\\OneDrive\\Desktop\\MeraMat\\meramat-india\\src\\components\\EVMSimulator.jsx","statementMap":{"0":{"start":{"line":4,"column":22},"end":{"line":4,"column":51}},"1":{"start":{"line":7,"column":23},"end":{"line":12,"column":null}},"2":{"start":{"line":14,"column":16},"end":{"line":14,"column":null}},"3":{"start":{"line":15,"column":15},"end":{"line":15,"column":null}},"4":{"start":{"line":17,"column":2},"end":{"line":183,"column":null}},"5":{"start":{"line":65,"column":27},"end":{"line":65,"column":null}},"6":{"start":{"line":66,"column":10},"end":{"line":76,"column":null}},"7":{"start":{"line":137,"column":10},"end":{"line":140,"column":null}},"8":{"start":{"line":138,"column":12},"end":{"line":138,"column":null}},"9":{"start":{"line":140,"column":12},"end":{"line":140,"column":null}}},"fnMap":{"0":{"name":"EVMSimulator","decl":{"start":{"line":3,"column":24},"end":{"line":3,"column":37}},"loc":{"start":{"line":3,"column":82},"end":{"line":183,"column":null}},"line":3},"1":{"name":"(anonymous_1)","decl":{"start":{"line":64,"column":15},"end":{"line":64,"column":20}},"loc":{"start":{"line":64,"column":31},"end":{"line":76,"column":null}},"line":64},"2":{"name":"(anonymous_2)","decl":{"start":{"line":136,"column":8},"end":{"line":136,"column":23}},"loc":{"start":{"line":136,"column":23},"end":{"line":140,"column":null}},"line":136}},"branchMap":{"0":{"loc":{"start":{"line":3,"column":39},"end":{"line":3,"column":55}},"type":"default-arg","locations":[{"start":{"line":3,"column":53},"end":{"line":3,"column":55}}],"line":3},"1":{"loc":{"start":{"line":3,"column":57},"end":{"line":3,"column":69}},"type":"default-arg","locations":[{"start":{"line":3,"column":67},"end":{"line":3,"column":69}}],"line":3},"2":{"loc":{"start":{"line":14,"column":16},"end":{"line":14,"column":null}},"type":"binary-expr","locations":[{"start":{"line":14,"column":16},"end":{"line":14,"column":37}},{"start":{"line":14,"column":37},"end":{"line":14,"column":null}}],"line":14},"3":{"loc":{"start":{"line":32,"column":13},"end":{"line":32,"column":null}},"type":"binary-expr","locations":[{"start":{"line":32,"column":13},"end":{"line":32,"column":34}},{"start":{"line":32,"column":34},"end":{"line":32,"column":null}}],"line":32},"4":{"loc":{"start":{"line":35,"column":13},"end":{"line":35,"column":null}},"type":"binary-expr","locations":[{"start":{"line":35,"column":13},"end":{"line":35,"column":37}},{"start":{"line":35,"column":37},"end":{"line":35,"column":null}}],"line":35},"5":{"loc":{"start":{"line":70,"column":23},"end":{"line":70,"column":null}},"type":"cond-expr","locations":[{"start":{"line":70,"column":34},"end":{"line":70,"column":43}},{"start":{"line":70,"column":43},"end":{"line":70,"column":null}}],"line":70},"6":{"loc":{"start":{"line":72,"column":28},"end":{"line":72,"column":null}},"type":"cond-expr","locations":[{"start":{"line":72,"column":39},"end":{"line":72,"column":64}},{"start":{"line":72,"column":64},"end":{"line":72,"column":null}}],"line":72},"7":{"loc":{"start":{"line":82,"column":7},"end":{"line":128,"column":null}},"type":"binary-expr","locations":[{"start":{"line":82,"column":7},"end":{"line":82,"column":null}},{"start":{"line":83,"column":8},"end":{"line":128,"column":null}}],"line":82},"8":{"loc":{"start":{"line":115,"column":11},"end":{"line":128,"column":null}},"type":"binary-expr","locations":[{"start":{"line":115,"column":11},"end":{"line":115,"column":null}},{"start":{"line":116,"column":12},"end":{"line":128,"column":null}}],"line":115},"9":{"loc":{"start":{"line":137,"column":10},"end":{"line":140,"column":null}},"type":"if","locations":[{"start":{"line":137,"column":10},"end":{"line":140,"column":null}},{"start":{"line":139,"column":17},"end":{"line":140,"column":null}}],"line":137},"10":{"loc":{"start":{"line":163,"column":9},"end":{"line":163,"column":null}},"type":"cond-expr","locations":[{"start":{"line":163,"column":42},"end":{"line":163,"column":54}},{"start":{"line":163,"column":54},"end":{"line":163,"column":null}}],"line":163},"11":{"loc":{"start":{"line":163,"column":54},"end":{"line":163,"column":null}},"type":"binary-expr","locations":[{"start":{"line":163,"column":54},"end":{"line":163,"column":75}},{"start":{"line":163,"column":75},"end":{"line":163,"column":null}}],"line":163},"12":{"loc":{"start":{"line":167,"column":7},"end":{"line":183,"column":null}},"type":"binary-expr","locations":[{"start":{"line":167,"column":7},"end":{"line":167,"column":null}},{"start":{"line":168,"column":8},"end":{"line":183,"column":null}}],"line":167},"13":{"loc":{"start":{"line":182,"column":11},"end":{"line":182,"column":null}},"type":"binary-expr","locations":[{"start":{"line":182,"column":11},"end":{"line":182,"column":31}},{"start":{"line":182,"column":31},"end":{"line":182,"column":null}}],"line":182}},"s":{"0":6,"1":6,"2":6,"3":6,"4":6,"5":24,"6":24,"7":1,"8":1,"9":0},"f":{"0":6,"1":24,"2":1},"b":{"0":[6],"1":[6],"2":[6,0],"3":[6,0],"4":[6,0],"5":[6,18],"6":[6,18],"7":[6,6],"8":[6,6],"9":[1,0],"10":[6,0],"11":[0,0],"12":[6,6],"13":[6,0]},"meta":{"lastBranch":14,"lastFunction":3,"lastStatement":10,"seen":{"f:3:24:3:37":0,"b:3:53:3:55":0,"b:3:67:3:69":1,"s:4:22:4:51":0,"s:7:23:12:Infinity":1,"s:14:16:14:Infinity":2,"b:14:16:14:37:14:37:14:Infinity":2,"s:15:15:15:Infinity":3,"s:17:2:183:Infinity":4,"b:32:13:32:34:32:34:32:Infinity":3,"b:35:13:35:37:35:37:35:Infinity":4,"f:64:15:64:20":1,"s:65:27:65:Infinity":5,"s:66:10:76:Infinity":6,"b:70:34:70:43:70:43:70:Infinity":5,"b:72:39:72:64:72:64:72:Infinity":6,"b:82:7:82:Infinity:83:8:128:Infinity":7,"b:115:11:115:Infinity:116:12:128:Infinity":8,"f:136:8:136:23":2,"b:137:10:140:Infinity:139:17:140:Infinity":9,"s:137:10:140:Infinity":7,"s:138:12:138:Infinity":8,"s:140:12:140:Infinity":9,"b:163:42:163:54:163:54:163:Infinity":10,"b:163:54:163:75:163:75:163:Infinity":11,"b:167:7:167:Infinity:168:8:183:Infinity":12,"b:182:11:182:31:182:31:182:Infinity":13}}}
,"C:\\Users\\Samar Raj\\OneDrive\\Desktop\\MeraMat\\meramat-india\\src\\components\\HomeScreen.jsx": {"path":"C:\\Users\\Samar Raj\\OneDrive\\Desktop\\MeraMat\\meramat-india\\src\\components\\HomeScreen.jsx","statementMap":{"0":{"start":{"line":11,"column":12},"end":{"line":11,"column":null}},"1":{"start":{"line":13,"column":20},"end":{"line":22,"column":null}},"2":{"start":{"line":24,"column":2},"end":{"line":168,"column":null}}},"fnMap":{"0":{"name":"HomeScreen","decl":{"start":{"line":5,"column":24},"end":{"line":5,"column":35}},"loc":{"start":{"line":10,"column":3},"end":{"line":168,"column":null}},"line":10}},"branchMap":{"0":{"loc":{"start":{"line":7,"column":2},"end":{"line":7,"column":null}},"type":"default-arg","locations":[{"start":{"line":7,"column":13},"end":{"line":7,"column":null}}],"line":7},"1":{"loc":{"start":{"line":9,"column":2},"end":{"line":9,"column":14}},"type":"default-arg","locations":[{"start":{"line":9,"column":12},"end":{"line":9,"column":14}}],"line":9},"2":{"loc":{"start":{"line":125,"column":9},"end":{"line":125,"column":null}},"type":"binary-expr","locations":[{"start":{"line":125,"column":9},"end":{"line":125,"column":27}},{"start":{"line":125,"column":27},"end":{"line":125,"column":null}}],"line":125},"3":{"loc":{"start":{"line":138,"column":9},"end":{"line":138,"column":null}},"type":"binary-expr","locations":[{"start":{"line":138,"column":9},"end":{"line":138,"column":23}},{"start":{"line":138,"column":23},"end":{"line":138,"column":null}}],"line":138},"4":{"loc":{"start":{"line":143,"column":9},"end":{"line":143,"column":null}},"type":"binary-expr","locations":[{"start":{"line":143,"column":9},"end":{"line":143,"column":25}},{"start":{"line":143,"column":25},"end":{"line":143,"column":null}}],"line":143},"5":{"loc":{"start":{"line":155,"column":32},"end":{"line":155,"column":73}},"type":"binary-expr","locations":[{"start":{"line":155,"column":32},"end":{"line":155,"column":52}},{"start":{"line":155,"column":52},"end":{"line":155,"column":73}}],"line":155},"6":{"loc":{"start":{"line":156,"column":32},"end":{"line":156,"column":79}},"type":"binary-expr","locations":[{"start":{"line":156,"column":32},"end":{"line":156,"column":51}},{"start":{"line":156,"column":51},"end":{"line":156,"column":79}}],"line":156},"7":{"loc":{"start":{"line":157,"column":32},"end":{"line":157,"column":77}},"type":"binary-expr","locations":[{"start":{"line":157,"column":32},"end":{"line":157,"column":54}},{"start":{"line":157,"column":54},"end":{"line":157,"column":77}}],"line":157},"8":{"loc":{"start":{"line":167,"column":9},"end":{"line":167,"column":null}},"type":"binary-expr","locations":[{"start":{"line":167,"column":9},"end":{"line":167,"column":25}},{"start":{"line":167,"column":25},"end":{"line":167,"column":null}}],"line":167}},"s":{"0":0,"1":0,"2":0},"f":{"0":0},"b":{"0":[0],"1":[0],"2":[0,0],"3":[0,0],"4":[0,0],"5":[0,0],"6":[0,0],"7":[0,0],"8":[0,0]},"meta":{"lastBranch":9,"lastFunction":1,"lastStatement":3,"seen":{"f:5:24:5:35":0,"b:7:13:7:Infinity":0,"b:9:12:9:14":1,"s:11:12:11:Infinity":0,"s:13:20:22:Infinity":1,"s:24:2:168:Infinity":2,"b:125:9:125:27:125:27:125:Infinity":2,"b:138:9:138:23:138:23:138:Infinity":3,"b:143:9:143:25:143:25:143:Infinity":4,"b:155:32:155:52:155:52:155:73":5,"b:156:32:156:51:156:51:156:79":6,"b:157:32:157:54:157:54:157:77":7,"b:167:9:167:25:167:25:167:Infinity":8}}}
,"C:\\Users\\Samar Raj\\OneDrive\\Desktop\\MeraMat\\meramat-india\\src\\components\\LanguageToggle.jsx": {"path":"C:\\Users\\Samar Raj\\OneDrive\\Desktop\\MeraMat\\meramat-india\\src\\components\\LanguageToggle.jsx","statementMap":{"0":{"start":{"line":4,"column":25},"end":{"line":11,"column":null}},"1":{"start":{"line":13,"column":8},"end":{"line":26,"column":null}},"2":{"start":{"line":13,"column":40},"end":{"line":26,"column":null}},"3":{"start":{"line":28,"column":2},"end":{"line":43,"column":null}},"4":{"start":{"line":33,"column":23},"end":{"line":33,"column":39}},"5":{"start":{"line":40,"column":23},"end":{"line":40,"column":39}}},"fnMap":{"0":{"name":"LanguageToggle","decl":{"start":{"line":3,"column":24},"end":{"line":3,"column":39}},"loc":{"start":{"line":3,"column":70},"end":{"line":43,"column":null}},"line":3},"1":{"name":"(anonymous_1)","decl":{"start":{"line":13,"column":8},"end":{"line":13,"column":26}},"loc":{"start":{"line":13,"column":40},"end":{"line":26,"column":null}},"line":13},"2":{"name":"(anonymous_2)","decl":{"start":{"line":33,"column":8},"end":{"line":33,"column":23}},"loc":{"start":{"line":33,"column":23},"end":{"line":33,"column":39}},"line":33},"3":{"name":"(anonymous_3)","decl":{"start":{"line":40,"column":8},"end":{"line":40,"column":23}},"loc":{"start":{"line":40,"column":23},"end":{"line":40,"column":39}},"line":40}},"branchMap":{"0":{"loc":{"start":{"line":3,"column":41},"end":{"line":3,"column":58}},"type":"default-arg","locations":[{"start":{"line":3,"column":52},"end":{"line":3,"column":58}}],"line":3},"1":{"loc":{"start":{"line":24,"column":16},"end":{"line":24,"column":null}},"type":"cond-expr","locations":[{"start":{"line":24,"column":27},"end":{"line":24,"column":52}},{"start":{"line":24,"column":52},"end":{"line":24,"column":null}}],"line":24},"2":{"loc":{"start":{"line":25,"column":11},"end":{"line":25,"column":null}},"type":"cond-expr","locations":[{"start":{"line":25,"column":22},"end":{"line":25,"column":32}},{"start":{"line":25,"column":32},"end":{"line":25,"column":null}}],"line":25}},"s":{"0":0,"1":0,"2":0,"3":0,"4":0,"5":0},"f":{"0":0,"1":0,"2":0,"3":0},"b":{"0":[0],"1":[0,0],"2":[0,0]},"meta":{"lastBranch":3,"lastFunction":4,"lastStatement":6,"seen":{"f:3:24:3:39":0,"b:3:52:3:58":0,"s:4:25:11:Infinity":0,"s:13:8:26:Infinity":1,"f:13:8:13:26":1,"s:13:40:26:Infinity":2,"b:24:27:24:52:24:52:24:Infinity":1,"b:25:22:25:32:25:32:25:Infinity":2,"s:28:2:43:Infinity":3,"f:33:8:33:23":2,"s:33:23:33:39":4,"f:40:8:40:23":3,"s:40:23:40:39":5}}}
,"C:\\Users\\Samar Raj\\OneDrive\\Desktop\\MeraMat\\meramat-india\\src\\components\\LoadingScreen.jsx": {"path":"C:\\Users\\Samar Raj\\OneDrive\\Desktop\\MeraMat\\meramat-india\\src\\components\\LoadingScreen.jsx","statementMap":{"0":{"start":{"line":4,"column":2},"end":{"line":101,"column":null}}},"fnMap":{"0":{"name":"LoadingScreen","decl":{"start":{"line":3,"column":24},"end":{"line":3,"column":38}},"loc":{"start":{"line":3,"column":56},"end":{"line":101,"column":null}},"line":3}},"branchMap":{"0":{"loc":{"start":{"line":3,"column":40},"end":{"line":3,"column":52}},"type":"default-arg","locations":[{"start":{"line":3,"column":50},"end":{"line":3,"column":52}}],"line":3},"1":{"loc":{"start":{"line":88,"column":9},"end":{"line":88,"column":null}},"type":"binary-expr","locations":[{"start":{"line":88,"column":9},"end":{"line":88,"column":34}},{"start":{"line":88,"column":34},"end":{"line":88,"column":null}}],"line":88}},"s":{"0":0},"f":{"0":0},"b":{"0":[0],"1":[0,0]},"meta":{"lastBranch":2,"lastFunction":1,"lastStatement":1,"seen":{"f:3:24:3:38":0,"b:3:50:3:52":0,"s:4:2:101:Infinity":0,"b:88:9:88:34:88:34:88:Infinity":1}}}
,"C:\\Users\\Samar Raj\\OneDrive\\Desktop\\MeraMat\\meramat-india\\src\\components\\LogoMark.jsx": {"path":"C:\\Users\\Samar Raj\\OneDrive\\Desktop\\MeraMat\\meramat-india\\src\\components\\LogoMark.jsx","statementMap":{"0":{"start":{"line":2,"column":2},"end":{"line":35,"column":null}}},"fnMap":{"0":{"name":"LogoMark","decl":{"start":{"line":1,"column":24},"end":{"line":1,"column":33}},"loc":{"start":{"line":1,"column":48},"end":{"line":35,"column":null}},"line":1}},"branchMap":{"0":{"loc":{"start":{"line":1,"column":35},"end":{"line":1,"column":48}},"type":"default-arg","locations":[{"start":{"line":1,"column":42},"end":{"line":1,"column":48}}],"line":1}},"s":{"0":0},"f":{"0":0},"b":{"0":[0]},"meta":{"lastBranch":1,"lastFunction":1,"lastStatement":1,"seen":{"f:1:24:1:33":0,"b:1:42:1:48":0,"s:2:2:35:Infinity":0}}}
,"C:\\Users\\Samar Raj\\OneDrive\\Desktop\\MeraMat\\meramat-india\\src\\components\\QuestionFlow.jsx": {"path":"C:\\Users\\Samar Raj\\OneDrive\\Desktop\\MeraMat\\meramat-india\\src\\components\\QuestionFlow.jsx","statementMap":{"0":{"start":{"line":4,"column":23},"end":{"line":4,"column":53}},"1":{"start":{"line":5,"column":18},"end":{"line":5,"column":44}},"2":{"start":{"line":7,"column":2},"end":{"line":7,"column":null}},"3":{"start":{"line":7,"column":44},"end":{"line":7,"column":null}},"4":{"start":{"line":9,"column":26},"end":{"line":9,"column":null}},"5":{"start":{"line":11,"column":27},"end":{"line":11,"column":null}},"6":{"start":{"line":13,"column":8},"end":{"line":21,"column":null}},"7":{"start":{"line":14,"column":23},"end":{"line":14,"column":null}},"8":{"start":{"line":16,"column":4},"end":{"line":21,"column":null}},"9":{"start":{"line":17,"column":6},"end":{"line":17,"column":null}},"10":{"start":{"line":18,"column":6},"end":{"line":18,"column":null}},"11":{"start":{"line":21,"column":6},"end":{"line":21,"column":null}},"12":{"start":{"line":25,"column":2},"end":{"line":111,"column":null}},"13":{"start":{"line":102,"column":10},"end":{"line":109,"column":null}},"14":{"start":{"line":106,"column":27},"end":{"line":106,"column":58}}},"fnMap":{"0":{"name":"QuestionFlow","decl":{"start":{"line":3,"column":24},"end":{"line":3,"column":37}},"loc":{"start":{"line":3,"column":83},"end":{"line":111,"column":null}},"line":3},"1":{"name":"(anonymous_1)","decl":{"start":{"line":13,"column":8},"end":{"line":13,"column":29}},"loc":{"start":{"line":13,"column":45},"end":{"line":21,"column":null}},"line":13},"2":{"name":"(anonymous_2)","decl":{"start":{"line":101,"column":33},"end":{"line":101,"column":38}},"loc":{"start":{"line":102,"column":10},"end":{"line":109,"column":null}},"line":102},"3":{"name":"(anonymous_3)","decl":{"start":{"line":106,"column":12},"end":{"line":106,"column":27}},"loc":{"start":{"line":106,"column":27},"end":{"line":106,"column":58}},"line":106}},"branchMap":{"0":{"loc":{"start":{"line":7,"column":2},"end":{"line":7,"column":null}},"type":"if","locations":[{"start":{"line":7,"column":2},"end":{"line":7,"column":null}},{"start":{},"end":{}}],"line":7},"1":{"loc":{"start":{"line":7,"column":6},"end":{"line":7,"column":44}},"type":"binary-expr","locations":[{"start":{"line":7,"column":6},"end":{"line":7,"column":20}},{"start":{"line":7,"column":20},"end":{"line":7,"column":44}}],"line":7},"2":{"loc":{"start":{"line":16,"column":4},"end":{"line":21,"column":null}},"type":"if","locations":[{"start":{"line":16,"column":4},"end":{"line":21,"column":null}},{"start":{"line":19,"column":11},"end":{"line":21,"column":null}}],"line":16},"3":{"loc":{"start":{"line":91,"column":9},"end":{"line":91,"column":41}},"type":"binary-expr","locations":[{"start":{"line":91,"column":9},"end":{"line":91,"column":30}},{"start":{"line":91,"column":30},"end":{"line":91,"column":41}}],"line":91},"4":{"loc":{"start":{"line":91,"column":62},"end":{"line":91,"column":82}},"type":"binary-expr","locations":[{"start":{"line":91,"column":62},"end":{"line":91,"column":77}},{"start":{"line":91,"column":77},"end":{"line":91,"column":82}}],"line":91}},"s":{"0":9,"1":9,"2":9,"3":0,"4":9,"5":9,"6":9,"7":4,"8":4,"9":3,"10":3,"11":1,"12":9,"13":18,"14":4},"f":{"0":9,"1":4,"2":18,"3":4},"b":{"0":[0,9],"1":[9,9],"2":[3,1],"3":[9,0],"4":[9,0]},"meta":{"lastBranch":5,"lastFunction":4,"lastStatement":15,"seen":{"f:3:24:3:37":0,"s:4:23:4:53":0,"s:5:18:5:44":1,"b:7:2:7:Infinity:undefined:undefined:undefined:undefined":0,"s:7:2:7:Infinity":2,"b:7:6:7:20:7:20:7:44":1,"s:7:44:7:Infinity":3,"s:9:26:9:Infinity":4,"s:11:27:11:Infinity":5,"s:13:8:21:Infinity":6,"f:13:8:13:29":1,"s:14:23:14:Infinity":7,"b:16:4:21:Infinity:19:11:21:Infinity":2,"s:16:4:21:Infinity":8,"s:17:6:17:Infinity":9,"s:18:6:18:Infinity":10,"s:21:6:21:Infinity":11,"s:25:2:111:Infinity":12,"b:91:9:91:30:91:30:91:41":3,"b:91:62:91:77:91:77:91:82":4,"f:101:33:101:38":2,"s:102:10:109:Infinity":13,"f:106:12:106:27":3,"s:106:27:106:58":14}}}
,"C:\\Users\\Samar Raj\\OneDrive\\Desktop\\MeraMat\\meramat-india\\src\\components\\ReadinessScore.jsx": {"path":"C:\\Users\\Samar Raj\\OneDrive\\Desktop\\MeraMat\\meramat-india\\src\\components\\ReadinessScore.jsx","statementMap":{"0":{"start":{"line":4,"column":24},"end":{"line":4,"column":55}},"1":{"start":{"line":7,"column":2},"end":{"line":12,"column":null}},"2":{"start":{"line":8,"column":18},"end":{"line":10,"column":10}},"3":{"start":{"line":9,"column":6},"end":{"line":9,"column":null}},"4":{"start":{"line":11,"column":4},"end":{"line":11,"column":null}},"5":{"start":{"line":11,"column":17},"end":{"line":11,"column":36}},"6":{"start":{"line":14,"column":24},"end":{"line":14,"column":null}},"7":{"start":{"line":15,"column":27},"end":{"line":15,"column":null}},"8":{"start":{"line":17,"column":20},"end":{"line":17,"column":null}},"9":{"start":{"line":18,"column":2},"end":{"line":21,"column":null}},"10":{"start":{"line":19,"column":4},"end":{"line":19,"column":null}},"11":{"start":{"line":20,"column":13},"end":{"line":21,"column":null}},"12":{"start":{"line":21,"column":4},"end":{"line":21,"column":null}},"13":{"start":{"line":24,"column":2},"end":{"line":76,"column":null}}},"fnMap":{"0":{"name":"ReadinessScore","decl":{"start":{"line":3,"column":24},"end":{"line":3,"column":39}},"loc":{"start":{"line":3,"column":80},"end":{"line":76,"column":null}},"line":3},"1":{"name":"(anonymous_1)","decl":{"start":{"line":7,"column":2},"end":{"line":7,"column":18}},"loc":{"start":{"line":7,"column":18},"end":{"line":12,"column":6}},"line":7},"2":{"name":"(anonymous_2)","decl":{"start":{"line":8,"column":18},"end":{"line":8,"column":35}},"loc":{"start":{"line":8,"column":35},"end":{"line":10,"column":10}},"line":8},"3":{"name":"(anonymous_3)","decl":{"start":{"line":11,"column":4},"end":{"line":11,"column":17}},"loc":{"start":{"line":11,"column":17},"end":{"line":11,"column":36}},"line":11}},"branchMap":{"0":{"loc":{"start":{"line":3,"column":41},"end":{"line":3,"column":52}},"type":"default-arg","locations":[{"start":{"line":3,"column":49},"end":{"line":3,"column":52}}],"line":3},"1":{"loc":{"start":{"line":3,"column":52},"end":{"line":3,"column":64}},"type":"default-arg","locations":[{"start":{"line":3,"column":60},"end":{"line":3,"column":64}}],"line":3},"2":{"loc":{"start":{"line":3,"column":64},"end":{"line":3,"column":76}},"type":"default-arg","locations":[{"start":{"line":3,"column":74},"end":{"line":3,"column":76}}],"line":3},"3":{"loc":{"start":{"line":18,"column":2},"end":{"line":21,"column":null}},"type":"if","locations":[{"start":{"line":18,"column":2},"end":{"line":21,"column":null}},{"start":{"line":20,"column":13},"end":{"line":21,"column":null}}],"line":18},"4":{"loc":{"start":{"line":20,"column":13},"end":{"line":21,"column":null}},"type":"if","locations":[{"start":{"line":20,"column":13},"end":{"line":21,"column":null}},{"start":{},"end":{}}],"line":20},"5":{"loc":{"start":{"line":75,"column":9},"end":{"line":75,"column":null}},"type":"binary-expr","locations":[{"start":{"line":75,"column":9},"end":{"line":75,"column":36}},{"start":{"line":75,"column":36},"end":{"line":75,"column":null}}],"line":75}},"s":{"0":0,"1":0,"2":0,"3":0,"4":0,"5":0,"6":0,"7":0,"8":0,"9":0,"10":0,"11":0,"12":0,"13":0},"f":{"0":0,"1":0,"2":0,"3":0},"b":{"0":[0],"1":[0],"2":[0],"3":[0,0],"4":[0,0],"5":[0,0]},"meta":{"lastBranch":6,"lastFunction":4,"lastStatement":14,"seen":{"f:3:24:3:39":0,"b:3:49:3:52":0,"b:3:60:3:64":1,"b:3:74:3:76":2,"s:4:24:4:55":0,"s:7:2:12:Infinity":1,"f:7:2:7:18":1,"s:8:18:10:10":2,"f:8:18:8:35":2,"s:9:6:9:Infinity":3,"s:11:4:11:Infinity":4,"f:11:4:11:17":3,"s:11:17:11:36":5,"s:14:24:14:Infinity":6,"s:15:27:15:Infinity":7,"s:17:20:17:Infinity":8,"b:18:2:21:Infinity:20:13:21:Infinity":3,"s:18:2:21:Infinity":9,"s:19:4:19:Infinity":10,"b:20:13:21:Infinity:undefined:undefined:undefined:undefined":4,"s:20:13:21:Infinity":11,"s:21:4:21:Infinity":12,"s:24:2:76:Infinity":13,"b:75:9:75:36:75:36:75:Infinity":5}}}
,"C:\\Users\\Samar Raj\\OneDrive\\Desktop\\MeraMat\\meramat-india\\src\\components\\StepCard.jsx": {"path":"C:\\Users\\Samar Raj\\OneDrive\\Desktop\\MeraMat\\meramat-india\\src\\components\\StepCard.jsx","statementMap":{"0":{"start":{"line":12,"column":2},"end":{"line":12,"column":null}},"1":{"start":{"line":12,"column":13},"end":{"line":12,"column":null}},"2":{"start":{"line":14,"column":25},"end":{"line":18,"column":null}},"3":{"start":{"line":20,"column":15},"end":{"line":20,"column":null}},"4":{"start":{"line":21,"column":17},"end":{"line":21,"column":null}},"5":{"start":{"line":22,"column":19},"end":{"line":22,"column":63}},"6":{"start":{"line":23,"column":23},"end":{"line":23,"column":null}},"7":{"start":{"line":25,"column":18},"end":{"line":25,"column":68}},"8":{"start":{"line":27,"column":2},"end":{"line":222,"column":null}},"9":{"start":{"line":175,"column":27},"end":{"line":175,"column":43}},"10":{"start":{"line":198,"column":27},"end":{"line":198,"column":44}}},"fnMap":{"0":{"name":"StepCard","decl":{"start":{"line":3,"column":24},"end":{"line":3,"column":33}},"loc":{"start":{"line":11,"column":3},"end":{"line":222,"column":null}},"line":11},"1":{"name":"(anonymous_1)","decl":{"start":{"line":175,"column":12},"end":{"line":175,"column":27}},"loc":{"start":{"line":175,"column":27},"end":{"line":175,"column":43}},"line":175},"2":{"name":"(anonymous_2)","decl":{"start":{"line":198,"column":12},"end":{"line":198,"column":27}},"loc":{"start":{"line":198,"column":27},"end":{"line":198,"column":44}},"line":198}},"branchMap":{"0":{"loc":{"start":{"line":5,"column":2},"end":{"line":5,"column":14}},"type":"default-arg","locations":[{"start":{"line":5,"column":12},"end":{"line":5,"column":14}}],"line":5},"1":{"loc":{"start":{"line":6,"column":2},"end":{"line":6,"column":null}},"type":"default-arg","locations":[{"start":{"line":6,"column":13},"end":{"line":6,"column":null}}],"line":6},"2":{"loc":{"start":{"line":9,"column":2},"end":{"line":9,"column":null}},"type":"default-arg","locations":[{"start":{"line":9,"column":16},"end":{"line":9,"column":null}}],"line":9},"3":{"loc":{"start":{"line":10,"column":2},"end":{"line":10,"column":null}},"type":"default-arg","locations":[{"start":{"line":10,"column":21},"end":{"line":10,"column":null}}],"line":10},"4":{"loc":{"start":{"line":12,"column":2},"end":{"line":12,"column":null}},"type":"if","locations":[{"start":{"line":12,"column":2},"end":{"line":12,"column":null}},{"start":{},"end":{}}],"line":12},"5":{"loc":{"start":{"line":20,"column":15},"end":{"line":20,"column":null}},"type":"cond-expr","locations":[{"start":{"line":20,"column":31},"end":{"line":20,"column":58}},{"start":{"line":20,"column":61},"end":{"line":20,"column":null}}],"line":20},"6":{"loc":{"start":{"line":21,"column":17},"end":{"line":21,"column":null}},"type":"binary-expr","locations":[{"start":{"line":21,"column":17},"end":{"line":21,"column":41}},{"start":{"line":21,"column":41},"end":{"line":21,"column":null}}],"line":21},"7":{"loc":{"start":{"line":23,"column":23},"end":{"line":23,"column":null}},"type":"binary-expr","locations":[{"start":{"line":23,"column":23},"end":{"line":23,"column":59}},{"start":{"line":23,"column":59},"end":{"line":23,"column":null}}],"line":23},"8":{"loc":{"start":{"line":25,"column":18},"end":{"line":25,"column":68}},"type":"binary-expr","locations":[{"start":{"line":25,"column":18},"end":{"line":25,"column":35}},{"start":{"line":25,"column":35},"end":{"line":25,"column":68}}],"line":25},"9":{"loc":{"start":{"line":136,"column":7},"end":{"line":152,"column":null}},"type":"binary-expr","locations":[{"start":{"line":136,"column":7},"end":{"line":136,"column":null}},{"start":{"line":137,"column":8},"end":{"line":152,"column":null}}],"line":136},"10":{"loc":{"start":{"line":151,"column":11},"end":{"line":151,"column":null}},"type":"binary-expr","locations":[{"start":{"line":151,"column":11},"end":{"line":151,"column":36}},{"start":{"line":151,"column":36},"end":{"line":151,"column":null}}],"line":151},"11":{"loc":{"start":{"line":201,"column":30},"end":{"line":201,"column":58}},"type":"cond-expr","locations":[{"start":{"line":201,"column":49},"end":{"line":201,"column":55}},{"start":{"line":201,"column":55},"end":{"line":201,"column":58}}],"line":201},"12":{"loc":{"start":{"line":203,"column":13},"end":{"line":203,"column":null}},"type":"cond-expr","locations":[{"start":{"line":203,"column":33},"end":{"line":203,"column":73}},{"start":{"line":203,"column":73},"end":{"line":203,"column":null}}],"line":203},"13":{"loc":{"start":{"line":203,"column":33},"end":{"line":203,"column":73}},"type":"binary-expr","locations":[{"start":{"line":203,"column":33},"end":{"line":203,"column":56}},{"start":{"line":203,"column":56},"end":{"line":203,"column":73}}],"line":203},"14":{"loc":{"start":{"line":203,"column":73},"end":{"line":203,"column":null}},"type":"binary-expr","locations":[{"start":{"line":203,"column":73},"end":{"line":203,"column":97}},{"start":{"line":203,"column":97},"end":{"line":203,"column":null}}],"line":203},"15":{"loc":{"start":{"line":209,"column":7},"end":{"line":222,"column":null}},"type":"binary-expr","locations":[{"start":{"line":209,"column":7},"end":{"line":209,"column":null}},{"start":{"line":210,"column":8},"end":{"line":222,"column":null}}],"line":209}},"s":{"0":8,"1":0,"2":8,"3":8,"4":8,"5":8,"6":8,"7":8,"8":8,"9":1,"10":1},"f":{"0":8,"1":1,"2":1},"b":{"0":[8],"1":[8],"2":[8],"3":[8],"4":[0,8],"5":[8,0],"6":[8,0],"7":[8,0],"8":[8,8],"9":[8,8],"10":[8,0],"11":[1,7],"12":[1,7],"13":[1,0],"14":[7,0],"15":[8,1]},"meta":{"lastBranch":16,"lastFunction":3,"lastStatement":11,"seen":{"f:3:24:3:33":0,"b:5:12:5:14":0,"b:6:13:6:Infinity":1,"b:9:16:9:Infinity":2,"b:10:21:10:Infinity":3,"b:12:2:12:Infinity:undefined:undefined:undefined:undefined":4,"s:12:2:12:Infinity":0,"s:12:13:12:Infinity":1,"s:14:25:18:Infinity":2,"s:20:15:20:Infinity":3,"b:20:31:20:58:20:61:20:Infinity":5,"s:21:17:21:Infinity":4,"b:21:17:21:41:21:41:21:Infinity":6,"s:22:19:22:63":5,"s:23:23:23:Infinity":6,"b:23:23:23:59:23:59:23:Infinity":7,"s:25:18:25:68":7,"b:25:18:25:35:25:35:25:68":8,"s:27:2:222:Infinity":8,"b:136:7:136:Infinity:137:8:152:Infinity":9,"b:151:11:151:36:151:36:151:Infinity":10,"f:175:12:175:27":1,"s:175:27:175:43":9,"f:198:12:198:27":2,"s:198:27:198:44":10,"b:201:49:201:55:201:55:201:58":11,"b:203:33:203:73:203:73:203:Infinity":12,"b:203:33:203:56:203:56:203:73":13,"b:203:73:203:97:203:97:203:Infinity":14,"b:209:7:209:Infinity:210:8:222:Infinity":15}}}
,"C:\\Users\\Samar Raj\\OneDrive\\Desktop\\MeraMat\\meramat-india\\src\\components\\test-logo.jsx": {"path":"C:\\Users\\Samar Raj\\OneDrive\\Desktop\\MeraMat\\meramat-india\\src\\components\\test-logo.jsx","statementMap":{"0":{"start":{"line":7,"column":0},"end":{"line":14,"column":null}}},"fnMap":{},"branchMap":{},"s":{"0":0},"f":{},"b":{},"meta":{"lastBranch":0,"lastFunction":0,"lastStatement":1,"seen":{"s:7:0:14:Infinity":0}}}
,"C:\\Users\\Samar Raj\\OneDrive\\Desktop\\MeraMat\\meramat-india\\src\\phases\\Diagnostic.jsx": {"path":"C:\\Users\\Samar Raj\\OneDrive\\Desktop\\MeraMat\\meramat-india\\src\\phases\\Diagnostic.jsx","statementMap":{"0":{"start":{"line":9,"column":12},"end":{"line":9,"column":null}},"1":{"start":{"line":11,"column":8},"end":{"line":75,"column":16}},"2":{"start":{"line":11,"column":34},"end":{"line":75,"column":5}},"3":{"start":{"line":17,"column":39},"end":{"line":17,"column":null}},"4":{"start":{"line":77,"column":8},"end":{"line":86,"column":null}},"5":{"start":{"line":78,"column":20},"end":{"line":85,"column":null}},"6":{"start":{"line":86,"column":4},"end":{"line":86,"column":null}},"7":{"start":{"line":89,"column":2},"end":{"line":118,"column":null}}},"fnMap":{"0":{"name":"Diagnostic","decl":{"start":{"line":8,"column":24},"end":{"line":8,"column":35}},"loc":{"start":{"line":8,"column":79},"end":{"line":118,"column":null}},"line":8},"1":{"name":"(anonymous_1)","decl":{"start":{"line":11,"column":20},"end":{"line":11,"column":34}},"loc":{"start":{"line":11,"column":34},"end":{"line":75,"column":5}},"line":11},"2":{"name":"(anonymous_2)","decl":{"start":{"line":17,"column":29},"end":{"line":17,"column":33}},"loc":{"start":{"line":17,"column":39},"end":{"line":17,"column":null}},"line":17},"3":{"name":"(anonymous_3)","decl":{"start":{"line":77,"column":8},"end":{"line":77,"column":26}},"loc":{"start":{"line":77,"column":38},"end":{"line":86,"column":null}},"line":77}},"branchMap":{"0":{"loc":{"start":{"line":14,"column":12},"end":{"line":16,"column":null}},"type":"cond-expr","locations":[{"start":{"line":15,"column":10},"end":{"line":15,"column":null}},{"start":{"line":16,"column":10},"end":{"line":16,"column":null}}],"line":14},"1":{"loc":{"start":{"line":21,"column":12},"end":{"line":23,"column":null}},"type":"cond-expr","locations":[{"start":{"line":22,"column":10},"end":{"line":22,"column":null}},{"start":{"line":23,"column":10},"end":{"line":23,"column":null}}],"line":21},"2":{"loc":{"start":{"line":24,"column":15},"end":{"line":31,"column":null}},"type":"cond-expr","locations":[{"start":{"line":24,"column":35},"end":{"line":28,"column":10}},{"start":{"line":28,"column":10},"end":{"line":31,"column":null}}],"line":24},"3":{"loc":{"start":{"line":36,"column":12},"end":{"line":38,"column":null}},"type":"cond-expr","locations":[{"start":{"line":37,"column":10},"end":{"line":37,"column":null}},{"start":{"line":38,"column":10},"end":{"line":38,"column":null}}],"line":36},"4":{"loc":{"start":{"line":39,"column":15},"end":{"line":46,"column":null}},"type":"cond-expr","locations":[{"start":{"line":39,"column":35},"end":{"line":43,"column":10}},{"start":{"line":43,"column":10},"end":{"line":46,"column":null}}],"line":39},"5":{"loc":{"start":{"line":51,"column":12},"end":{"line":53,"column":null}},"type":"cond-expr","locations":[{"start":{"line":52,"column":10},"end":{"line":52,"column":null}},{"start":{"line":53,"column":10},"end":{"line":53,"column":null}}],"line":51},"6":{"loc":{"start":{"line":54,"column":15},"end":{"line":59,"column":null}},"type":"cond-expr","locations":[{"start":{"line":54,"column":35},"end":{"line":56,"column":null}},{"start":{"line":57,"column":10},"end":{"line":59,"column":null}}],"line":54},"7":{"loc":{"start":{"line":64,"column":12},"end":{"line":66,"column":null}},"type":"cond-expr","locations":[{"start":{"line":65,"column":10},"end":{"line":65,"column":null}},{"start":{"line":66,"column":10},"end":{"line":66,"column":null}}],"line":64},"8":{"loc":{"start":{"line":67,"column":15},"end":{"line":72,"column":null}},"type":"cond-expr","locations":[{"start":{"line":67,"column":35},"end":{"line":69,"column":null}},{"start":{"line":70,"column":10},"end":{"line":72,"column":null}}],"line":67}},"s":{"0":0,"1":0,"2":0,"3":0,"4":0,"5":0,"6":0,"7":0},"f":{"0":0,"1":0,"2":0,"3":0},"b":{"0":[0,0],"1":[0,0],"2":[0,0],"3":[0,0],"4":[0,0],"5":[0,0],"6":[0,0],"7":[0,0],"8":[0,0]},"meta":{"lastBranch":9,"lastFunction":4,"lastStatement":8,"seen":{"f:8:24:8:35":0,"s:9:12:9:Infinity":0,"s:11:8:75:16":1,"f:11:20:11:34":1,"s:11:34:75:5":2,"b:15:10:15:Infinity:16:10:16:Infinity":0,"f:17:29:17:33":2,"s:17:39:17:Infinity":3,"b:22:10:22:Infinity:23:10:23:Infinity":1,"b:24:35:28:10:28:10:31:Infinity":2,"b:37:10:37:Infinity:38:10:38:Infinity":3,"b:39:35:43:10:43:10:46:Infinity":4,"b:52:10:52:Infinity:53:10:53:Infinity":5,"b:54:35:56:Infinity:57:10:59:Infinity":6,"b:65:10:65:Infinity:66:10:66:Infinity":7,"b:67:35:69:Infinity:70:10:72:Infinity":8,"s:77:8:86:Infinity":4,"f:77:8:77:26":3,"s:78:20:85:Infinity":5,"s:86:4:86:Infinity":6,"s:89:2:118:Infinity":7}}}
,"C:\\Users\\Samar Raj\\OneDrive\\Desktop\\MeraMat\\meramat-india\\src\\phases\\FollowThrough.jsx": {"path":"C:\\Users\\Samar Raj\\OneDrive\\Desktop\\MeraMat\\meramat-india\\src\\phases\\FollowThrough.jsx","statementMap":{"0":{"start":{"line":12,"column":23},"end":{"line":12,"column":54}},"1":{"start":{"line":13,"column":22},"end":{"line":13,"column":54}},"2":{"start":{"line":14,"column":15},"end":{"line":14,"column":40}},"3":{"start":{"line":15,"column":21},"end":{"line":15,"column":53}},"4":{"start":{"line":17,"column":2},"end":{"line":23,"column":null}},"5":{"start":{"line":18,"column":4},"end":{"line":18,"column":null}},"6":{"start":{"line":19,"column":4},"end":{"line":22,"column":null}},"7":{"start":{"line":20,"column":20},"end":{"line":20,"column":38}},"8":{"start":{"line":21,"column":19},"end":{"line":21,"column":30}},"9":{"start":{"line":22,"column":21},"end":{"line":22,"column":41}},"10":{"start":{"line":25,"column":12},"end":{"line":25,"column":null}},"11":{"start":{"line":27,"column":24},"end":{"line":38,"column":null}},"12":{"start":{"line":28,"column":4},"end":{"line":28,"column":null}},"13":{"start":{"line":29,"column":4},"end":{"line":38,"column":null}},"14":{"start":{"line":30,"column":19},"end":{"line":30,"column":55}},"15":{"start":{"line":31,"column":6},"end":{"line":31,"column":null}},"16":{"start":{"line":31,"column":31},"end":{"line":31,"column":65}},"17":{"start":{"line":33,"column":6},"end":{"line":36,"column":null}},"18":{"start":{"line":33,"column":31},"end":{"line":36,"column":9}},"19":{"start":{"line":38,"column":6},"end":{"line":38,"column":null}},"20":{"start":{"line":42,"column":8},"end":{"line":43,"column":null}},"21":{"start":{"line":43,"column":4},"end":{"line":43,"column":null}},"22":{"start":{"line":46,"column":2},"end":{"line":312,"column":null}},"23":{"start":{"line":114,"column":10},"end":{"line":123,"column":null}},"24":{"start":{"line":119,"column":29},"end":{"line":119,"column":48}},"25":{"start":{"line":120,"column":28},"end":{"line":120,"column":46}},"26":{"start":{"line":166,"column":10},"end":{"line":192,"column":null}},"27":{"start":{"line":219,"column":10},"end":{"line":219,"column":63}},"28":{"start":{"line":238,"column":10},"end":{"line":238,"column":59}}},"fnMap":{"0":{"name":"FollowThrough","decl":{"start":{"line":11,"column":24},"end":{"line":11,"column":38}},"loc":{"start":{"line":11,"column":84},"end":{"line":312,"column":null}},"line":11},"1":{"name":"(anonymous_1)","decl":{"start":{"line":17,"column":2},"end":{"line":17,"column":18}},"loc":{"start":{"line":17,"column":18},"end":{"line":23,"column":7}},"line":17},"2":{"name":"(anonymous_2)","decl":{"start":{"line":20,"column":7},"end":{"line":20,"column":12}},"loc":{"start":{"line":20,"column":20},"end":{"line":20,"column":38}},"line":20},"3":{"name":"(anonymous_3)","decl":{"start":{"line":21,"column":7},"end":{"line":21,"column":19}},"loc":{"start":{"line":21,"column":19},"end":{"line":21,"column":30}},"line":21},"4":{"name":"(anonymous_4)","decl":{"start":{"line":22,"column":7},"end":{"line":22,"column":21}},"loc":{"start":{"line":22,"column":21},"end":{"line":22,"column":41}},"line":22},"5":{"name":"(anonymous_5)","decl":{"start":{"line":27,"column":24},"end":{"line":27,"column":31}},"loc":{"start":{"line":27,"column":40},"end":{"line":38,"column":null}},"line":27},"6":{"name":"(anonymous_6)","decl":{"start":{"line":31,"column":6},"end":{"line":31,"column":22}},"loc":{"start":{"line":31,"column":31},"end":{"line":31,"column":65}},"line":31},"7":{"name":"(anonymous_7)","decl":{"start":{"line":33,"column":6},"end":{"line":33,"column":22}},"loc":{"start":{"line":33,"column":31},"end":{"line":36,"column":9}},"line":33},"8":{"name":"(anonymous_8)","decl":{"start":{"line":42,"column":8},"end":{"line":42,"column":24}},"loc":{"start":{"line":42,"column":33},"end":{"line":43,"column":null}},"line":42},"9":{"name":"(anonymous_9)","decl":{"start":{"line":113,"column":20},"end":{"line":113,"column":24}},"loc":{"start":{"line":114,"column":10},"end":{"line":123,"column":null}},"line":114},"10":{"name":"(anonymous_10)","decl":{"start":{"line":119,"column":12},"end":{"line":119,"column":29}},"loc":{"start":{"line":119,"column":29},"end":{"line":119,"column":48}},"line":119},"11":{"name":"(anonymous_11)","decl":{"start":{"line":120,"column":12},"end":{"line":120,"column":28}},"loc":{"start":{"line":120,"column":28},"end":{"line":120,"column":46}},"line":120},"12":{"name":"(anonymous_12)","decl":{"start":{"line":165,"column":41},"end":{"line":165,"column":46}},"loc":{"start":{"line":166,"column":10},"end":{"line":192,"column":null}},"line":166},"13":{"name":"(anonymous_13)","decl":{"start":{"line":219,"column":10},"end":{"line":219,"column":25}},"loc":{"start":{"line":219,"column":10},"end":{"line":219,"column":63}},"line":219},"14":{"name":"(anonymous_14)","decl":{"start":{"line":238,"column":10},"end":{"line":238,"column":25}},"loc":{"start":{"line":238,"column":10},"end":{"line":238,"column":59}},"line":238}},"branchMap":{"0":{"loc":{"start":{"line":35,"column":23},"end":{"line":35,"column":null}},"type":"binary-expr","locations":[{"start":{"line":35,"column":23},"end":{"line":35,"column":37}},{"start":{"line":35,"column":37},"end":{"line":35,"column":null}}],"line":35},"1":{"loc":{"start":{"line":121,"column":25},"end":{"line":121,"column":null}},"type":"binary-expr","locations":[{"start":{"line":121,"column":25},"end":{"line":121,"column":54}},{"start":{"line":121,"column":54},"end":{"line":121,"column":null}}],"line":121},"2":{"loc":{"start":{"line":147,"column":11},"end":{"line":149,"column":null}},"type":"cond-expr","locations":[{"start":{"line":148,"column":14},"end":{"line":148,"column":null}},{"start":{"line":149,"column":14},"end":{"line":149,"column":null}}],"line":147},"3":{"loc":{"start":{"line":152,"column":9},"end":{"line":162,"column":null}},"type":"binary-expr","locations":[{"start":{"line":152,"column":9},"end":{"line":152,"column":null}},{"start":{"line":153,"column":10},"end":{"line":162,"column":null}}],"line":152},"4":{"loc":{"start":{"line":159,"column":13},"end":{"line":161,"column":null}},"type":"cond-expr","locations":[{"start":{"line":160,"column":16},"end":{"line":160,"column":null}},{"start":{"line":161,"column":16},"end":{"line":161,"column":null}}],"line":159},"5":{"loc":{"start":{"line":165,"column":9},"end":{"line":192,"column":null}},"type":"binary-expr","locations":[{"start":{"line":165,"column":9},"end":{"line":165,"column":17}},{"start":{"line":165,"column":17},"end":{"line":165,"column":36}},{"start":{"line":165,"column":36},"end":{"line":192,"column":null}}],"line":165}},"s":{"0":0,"1":0,"2":0,"3":0,"4":0,"5":0,"6":0,"7":0,"8":0,"9":0,"10":0,"11":0,"12":0,"13":0,"14":0,"15":0,"16":0,"17":0,"18":0,"19":0,"20":0,"21":0,"22":0,"23":0,"24":0,"25":0,"26":0,"27":0,"28":0},"f":{"0":0,"1":0,"2":0,"3":0,"4":0,"5":0,"6":0,"7":0,"8":0,"9":0,"10":0,"11":0,"12":0,"13":0,"14":0},"b":{"0":[0,0],"1":[0,0],"2":[0,0],"3":[0,0],"4":[0,0],"5":[0,0,0]},"meta":{"lastBranch":6,"lastFunction":15,"lastStatement":29,"seen":{"f:11:24:11:38":0,"s:12:23:12:54":0,"s:13:22:13:54":1,"s:14:15:14:40":2,"s:15:21:15:53":3,"s:17:2:23:Infinity":4,"f:17:2:17:18":1,"s:18:4:18:Infinity":5,"s:19:4:22:Infinity":6,"f:20:7:20:12":2,"s:20:20:20:38":7,"f:21:7:21:19":3,"s:21:19:21:30":8,"f:22:7:22:21":4,"s:22:21:22:41":9,"s:25:12:25:Infinity":10,"s:27:24:38:Infinity":11,"f:27:24:27:31":5,"s:28:4:28:Infinity":12,"s:29:4:38:Infinity":13,"s:30:19:30:55":14,"s:31:6:31:Infinity":15,"f:31:6:31:22":6,"s:31:31:31:65":16,"s:33:6:36:Infinity":17,"f:33:6:33:22":7,"s:33:31:36:9":18,"b:35:23:35:37:35:37:35:Infinity":0,"s:38:6:38:Infinity":19,"s:42:8:43:Infinity":20,"f:42:8:42:24":8,"s:43:4:43:Infinity":21,"s:46:2:312:Infinity":22,"f:113:20:113:24":9,"s:114:10:123:Infinity":23,"f:119:12:119:29":10,"s:119:29:119:48":24,"f:120:12:120:28":11,"s:120:28:120:46":25,"b:121:25:121:54:121:54:121:Infinity":1,"b:148:14:148:Infinity:149:14:149:Infinity":2,"b:152:9:152:Infinity:153:10:162:Infinity":3,"b:160:16:160:Infinity:161:16:161:Infinity":4,"b:165:9:165:17:165:17:165:36:165:36:192:Infinity":5,"f:165:41:165:46":12,"s:166:10:192:Infinity":26,"f:219:10:219:25":13,"s:219:10:219:63":27,"f:238:10:238:25":14,"s:238:10:238:59":28}}}
,"C:\\Users\\Samar Raj\\OneDrive\\Desktop\\MeraMat\\meramat-india\\src\\services\\gemini.js": {"path":"C:\\Users\\Samar Raj\\OneDrive\\Desktop\\MeraMat\\meramat-india\\src\\services\\gemini.js","statementMap":{"0":{"start":{"line":5,"column":16},"end":{"line":5,"column":null}},"1":{"start":{"line":6,"column":14},"end":{"line":6,"column":44}},"2":{"start":{"line":7,"column":14},"end":{"line":7,"column":null}},"3":{"start":{"line":9,"column":19},"end":{"line":9,"column":null}},"4":{"start":{"line":10,"column":22},"end":{"line":10,"column":null}},"5":{"start":{"line":13,"column":14},"end":{"line":13,"column":23}},"6":{"start":{"line":14,"column":15},"end":{"line":14,"column":null}},"7":{"start":{"line":15,"column":2},"end":{"line":15,"column":null}},"8":{"start":{"line":15,"column":16},"end":{"line":15,"column":null}},"9":{"start":{"line":15,"column":39},"end":{"line":15,"column":58}},"10":{"start":{"line":16,"column":2},"end":{"line":16,"column":null}},"11":{"start":{"line":17,"column":2},"end":{"line":17,"column":null}},"12":{"start":{"line":21,"column":17},"end":{"line":30,"column":null}},"13":{"start":{"line":75,"column":17},"end":{"line":76,"column":null}},"14":{"start":{"line":76,"column":4},"end":{"line":76,"column":32}},"15":{"start":{"line":78,"column":14},"end":{"line":78,"column":35}},"16":{"start":{"line":79,"column":18},"end":{"line":79,"column":55}},"17":{"start":{"line":81,"column":2},"end":{"line":98,"column":null}},"18":{"start":{"line":82,"column":17},"end":{"line":82,"column":35}},"19":{"start":{"line":84,"column":4},"end":{"line":92,"column":null}},"20":{"start":{"line":85,"column":6},"end":{"line":85,"column":null}},"21":{"start":{"line":86,"column":6},"end":{"line":86,"column":null}},"22":{"start":{"line":87,"column":6},"end":{"line":87,"column":null}},"23":{"start":{"line":89,"column":6},"end":{"line":92,"column":null}},"24":{"start":{"line":90,"column":8},"end":{"line":90,"column":null}},"25":{"start":{"line":91,"column":8},"end":{"line":91,"column":null}},"26":{"start":{"line":92,"column":8},"end":{"line":92,"column":null}},"27":{"start":{"line":96,"column":4},"end":{"line":96,"column":null}},"28":{"start":{"line":98,"column":4},"end":{"line":98,"column":null}},"29":{"start":{"line":103,"column":15},"end":{"line":103,"column":null}},"30":{"start":{"line":104,"column":17},"end":{"line":116,"column":null}},"31":{"start":{"line":118,"column":17},"end":{"line":119,"column":null}},"32":{"start":{"line":119,"column":4},"end":{"line":119,"column":32}},"33":{"start":{"line":121,"column":2},"end":{"line":121,"column":null}},"34":{"start":{"line":125,"column":15},"end":{"line":125,"column":null}},"35":{"start":{"line":126,"column":17},"end":{"line":133,"column":null}},"36":{"start":{"line":146,"column":17},"end":{"line":147,"column":null}},"37":{"start":{"line":147,"column":4},"end":{"line":147,"column":32}},"38":{"start":{"line":149,"column":14},"end":{"line":149,"column":35}},"39":{"start":{"line":150,"column":18},"end":{"line":150,"column":55}},"40":{"start":{"line":151,"column":2},"end":{"line":154,"column":null}},"41":{"start":{"line":152,"column":4},"end":{"line":152,"column":null}},"42":{"start":{"line":154,"column":4},"end":{"line":154,"column":null}}},"fnMap":{"0":{"name":"withRateLimit","decl":{"start":{"line":12,"column":15},"end":{"line":12,"column":29}},"loc":{"start":{"line":12,"column":33},"end":{"line":17,"column":null}},"line":12},"1":{"name":"(anonymous_1)","decl":{"start":{"line":15,"column":26},"end":{"line":15,"column":34}},"loc":{"start":{"line":15,"column":39},"end":{"line":15,"column":58}},"line":15},"2":{"name":"generateVotingPlan","decl":{"start":{"line":20,"column":22},"end":{"line":20,"column":41}},"loc":{"start":{"line":20,"column":54},"end":{"line":98,"column":null}},"line":20},"3":{"name":"(anonymous_3)","decl":{"start":{"line":75,"column":23},"end":{"line":75,"column":null}},"loc":{"start":{"line":76,"column":4},"end":{"line":76,"column":32}},"line":76},"4":{"name":"explainStep","decl":{"start":{"line":102,"column":22},"end":{"line":102,"column":34}},"loc":{"start":{"line":102,"column":53},"end":{"line":121,"column":null}},"line":102},"5":{"name":"(anonymous_5)","decl":{"start":{"line":118,"column":23},"end":{"line":118,"column":null}},"loc":{"start":{"line":119,"column":4},"end":{"line":119,"column":32}},"line":119},"6":{"name":"generateFAQ","decl":{"start":{"line":124,"column":22},"end":{"line":124,"column":34}},"loc":{"start":{"line":124,"column":47},"end":{"line":154,"column":null}},"line":124},"7":{"name":"(anonymous_7)","decl":{"start":{"line":146,"column":23},"end":{"line":146,"column":null}},"loc":{"start":{"line":147,"column":4},"end":{"line":147,"column":32}},"line":147}},"branchMap":{"0":{"loc":{"start":{"line":15,"column":2},"end":{"line":15,"column":null}},"type":"if","locations":[{"start":{"line":15,"column":2},"end":{"line":15,"column":null}},{"start":{},"end":{}}],"line":15},"1":{"loc":{"start":{"line":84,"column":4},"end":{"line":92,"column":null}},"type":"if","locations":[{"start":{"line":84,"column":4},"end":{"line":92,"column":null}},{"start":{},"end":{}}],"line":84},"2":{"loc":{"start":{"line":103,"column":15},"end":{"line":103,"column":null}},"type":"cond-expr","locations":[{"start":{"line":103,"column":47},"end":{"line":103,"column":57}},{"start":{"line":103,"column":57},"end":{"line":103,"column":null}}],"line":103},"3":{"loc":{"start":{"line":125,"column":15},"end":{"line":125,"column":null}},"type":"cond-expr","locations":[{"start":{"line":125,"column":47},"end":{"line":125,"column":57}},{"start":{"line":125,"column":57},"end":{"line":125,"column":null}}],"line":125}},"s":{"0":1,"1":1,"2":1,"3":1,"4":1,"5":5,"6":5,"7":5,"8":4,"9":4,"10":5,"11":5,"12":1,"13":1,"14":1,"15":1,"16":1,"17":1,"18":1,"19":1,"20":0,"21":0,"22":0,"23":0,"24":0,"25":0,"26":0,"27":1,"28":0,"29":1,"30":1,"31":1,"32":1,"33":1,"34":3,"35":3,"36":3,"37":3,"38":3,"39":3,"40":3,"41":3,"42":0},"f":{"0":5,"1":4,"2":1,"3":1,"4":1,"5":1,"6":3,"7":3},"b":{"0":[4,1],"1":[0,1],"2":[0,1],"3":[1,2]},"meta":{"lastBranch":4,"lastFunction":8,"lastStatement":43,"seen":{"s:5:16:5:Infinity":0,"s:6:14:6:44":1,"s:7:14:7:Infinity":2,"s:9:19:9:Infinity":3,"s:10:22:10:Infinity":4,"f:12:15:12:29":0,"s:13:14:13:23":5,"s:14:15:14:Infinity":6,"b:15:2:15:Infinity:undefined:undefined:undefined:undefined":0,"s:15:2:15:Infinity":7,"s:15:16:15:Infinity":8,"f:15:26:15:34":1,"s:15:39:15:58":9,"s:16:2:16:Infinity":10,"s:17:2:17:Infinity":11,"f:20:22:20:41":2,"s:21:17:30:Infinity":12,"s:75:17:76:Infinity":13,"f:75:23:75:Infinity":3,"s:76:4:76:32":14,"s:78:14:78:35":15,"s:79:18:79:55":16,"s:81:2:98:Infinity":17,"s:82:17:82:35":18,"b:84:4:92:Infinity:undefined:undefined:undefined:undefined":1,"s:84:4:92:Infinity":19,"s:85:6:85:Infinity":20,"s:86:6:86:Infinity":21,"s:87:6:87:Infinity":22,"s:89:6:92:Infinity":23,"s:90:8:90:Infinity":24,"s:91:8:91:Infinity":25,"s:92:8:92:Infinity":26,"s:96:4:96:Infinity":27,"s:98:4:98:Infinity":28,"f:102:22:102:34":4,"s:103:15:103:Infinity":29,"b:103:47:103:57:103:57:103:Infinity":2,"s:104:17:116:Infinity":30,"s:118:17:119:Infinity":31,"f:118:23:118:Infinity":5,"s:119:4:119:32":32,"s:121:2:121:Infinity":33,"f:124:22:124:34":6,"s:125:15:125:Infinity":34,"b:125:47:125:57:125:57:125:Infinity":3,"s:126:17:133:Infinity":35,"s:146:17:147:Infinity":36,"f:146:23:146:Infinity":7,"s:147:4:147:32":37,"s:149:14:149:35":38,"s:150:18:150:55":39,"s:151:2:154:Infinity":40,"s:152:4:152:Infinity":41,"s:154:4:154:Infinity":42}}}
,"C:\\Users\\Samar Raj\\OneDrive\\Desktop\\MeraMat\\meramat-india\\src\\services\\sanitize.js": {"path":"C:\\Users\\Samar Raj\\OneDrive\\Desktop\\MeraMat\\meramat-india\\src\\services\\sanitize.js","statementMap":{"0":{"start":{"line":4,"column":2},"end":{"line":4,"column":null}},"1":{"start":{"line":4,"column":41},"end":{"line":4,"column":null}},"2":{"start":{"line":5,"column":16},"end":{"line":5,"column":62}},"3":{"start":{"line":6,"column":2},"end":{"line":6,"column":null}}},"fnMap":{"0":{"name":"sanitizeInput","decl":{"start":{"line":3,"column":16},"end":{"line":3,"column":30}},"loc":{"start":{"line":3,"column":36},"end":{"line":6,"column":null}},"line":3}},"branchMap":{"0":{"loc":{"start":{"line":4,"column":2},"end":{"line":4,"column":null}},"type":"if","locations":[{"start":{"line":4,"column":2},"end":{"line":4,"column":null}},{"start":{},"end":{}}],"line":4},"1":{"loc":{"start":{"line":4,"column":6},"end":{"line":4,"column":41}},"type":"binary-expr","locations":[{"start":{"line":4,"column":6},"end":{"line":4,"column":15}},{"start":{"line":4,"column":15},"end":{"line":4,"column":41}}],"line":4}},"s":{"0":20,"1":4,"2":16,"3":16},"f":{"0":20},"b":{"0":[4,16],"1":[20,17]},"meta":{"lastBranch":2,"lastFunction":1,"lastStatement":4,"seen":{"f:3:16:3:30":0,"b:4:2:4:Infinity:undefined:undefined:undefined:undefined":0,"s:4:2:4:Infinity":0,"b:4:6:4:15:4:15:4:41":1,"s:4:41:4:Infinity":1,"s:5:16:5:62":2,"s:6:2:6:Infinity":3}}}
,"C:\\Users\\Samar Raj\\OneDrive\\Desktop\\MeraMat\\meramat-india\\src\\services\\translate.js": {"path":"C:\\Users\\Samar Raj\\OneDrive\\Desktop\\MeraMat\\meramat-india\\src\\services\\translate.js","statementMap":{"0":{"start":{"line":2,"column":2},"end":{"line":2,"column":null}},"1":{"start":{"line":2,"column":27},"end":{"line":2,"column":null}},"2":{"start":{"line":4,"column":19},"end":{"line":14,"column":null}},"3":{"start":{"line":16,"column":15},"end":{"line":16,"column":35}},"4":{"start":{"line":17,"column":2},"end":{"line":17,"column":null}}},"fnMap":{"0":{"name":"translateText","decl":{"start":{"line":1,"column":54},"end":{"line":1,"column":null}},"loc":{"start":{"line":1,"column":54},"end":{"line":17,"column":null}},"line":1}},"branchMap":{"0":{"loc":{"start":{"line":2,"column":2},"end":{"line":2,"column":null}},"type":"if","locations":[{"start":{"line":2,"column":2},"end":{"line":2,"column":null}},{"start":{},"end":{}}],"line":2},"1":{"loc":{"start":{"line":11,"column":16},"end":{"line":11,"column":null}},"type":"cond-expr","locations":[{"start":{"line":11,"column":38},"end":{"line":11,"column":45}},{"start":{"line":11,"column":45},"end":{"line":11,"column":null}}],"line":11}},"s":{"0":6,"1":1,"2":5,"3":5,"4":5},"f":{"0":6},"b":{"0":[1,5],"1":[5,0]},"meta":{"lastBranch":2,"lastFunction":1,"lastStatement":5,"seen":{"f:1:54:1:Infinity":0,"b:2:2:2:Infinity:undefined:undefined:undefined:undefined":0,"s:2:2:2:Infinity":0,"s:2:27:2:Infinity":1,"s:4:19:14:Infinity":2,"b:11:38:11:45:11:45:11:Infinity":1,"s:16:15:16:35":3,"s:17:2:17:Infinity":4}}}
,"C:\\Users\\Samar Raj\\OneDrive\\Desktop\\MeraMat\\meramat-india\\src\\utils\\calendar.js": {"path":"C:\\Users\\Samar Raj\\OneDrive\\Desktop\\MeraMat\\meramat-india\\src\\utils\\calendar.js","statementMap":{"0":{"start":{"line":2,"column":16},"end":{"line":2,"column":62}},"1":{"start":{"line":3,"column":18},"end":{"line":7,"column":null}},"2":{"start":{"line":9,"column":19},"end":{"line":10,"column":null}},"3":{"start":{"line":12,"column":14},"end":{"line":12,"column":null}},"4":{"start":{"line":13,"column":2},"end":{"line":13,"column":null}}},"fnMap":{"0":{"name":"addToGoogleCalendar","decl":{"start":{"line":1,"column":16},"end":{"line":1,"column":36}},"loc":{"start":{"line":1,"column":55},"end":{"line":13,"column":null}},"line":1}},"branchMap":{},"s":{"0":0,"1":0,"2":0,"3":0,"4":0},"f":{"0":0},"b":{},"meta":{"lastBranch":0,"lastFunction":1,"lastStatement":5,"seen":{"f:1:16:1:36":0,"s:2:16:2:62":0,"s:3:18:7:Infinity":1,"s:9:19:10:Infinity":2,"s:12:14:12:Infinity":3,"s:13:2:13:Infinity":4}}}
,"C:\\Users\\Samar Raj\\OneDrive\\Desktop\\MeraMat\\meramat-india\\src\\utils\\share.js": {"path":"C:\\Users\\Samar Raj\\OneDrive\\Desktop\\MeraMat\\meramat-india\\src\\utils\\share.js","statementMap":{"0":{"start":{"line":2,"column":15},"end":{"line":7,"column":null}},"1":{"start":{"line":9,"column":2},"end":{"line":12,"column":null}}},"fnMap":{"0":{"name":"shareOnLinkedIn","decl":{"start":{"line":1,"column":16},"end":{"line":1,"column":32}},"loc":{"start":{"line":1,"column":51},"end":{"line":12,"column":null}},"line":1}},"branchMap":{},"s":{"0":0,"1":0},"f":{"0":0},"b":{},"meta":{"lastBranch":0,"lastFunction":1,"lastStatement":2,"seen":{"f:1:16:1:32":0,"s:2:15:7:Infinity":0,"s:9:2:12:Infinity":1}}}
,"C:\\Users\\Samar Raj\\OneDrive\\Desktop\\MeraMat\\meramat-india\\src\\utils\\stateData.js": {"path":"C:\\Users\\Samar Raj\\OneDrive\\Desktop\\MeraMat\\meramat-india\\src\\utils\\stateData.js","statementMap":{"0":{"start":{"line":1,"column":29},"end":{"line":38,"column":null}},"1":{"start":{"line":40,"column":31},"end":{"line":77,"column":null}}},"fnMap":{},"branchMap":{},"s":{"0":1,"1":1},"f":{},"b":{},"meta":{"lastBranch":0,"lastFunction":0,"lastStatement":2,"seen":{"s:1:29:38:Infinity":0,"s:40:31:77:Infinity":1}}}
,"C:\\Users\\Samar Raj\\OneDrive\\Desktop\\MeraMat\\meramat-india\\src\\utils\\strings.js": {"path":"C:\\Users\\Samar Raj\\OneDrive\\Desktop\\MeraMat\\meramat-india\\src\\utils\\strings.js","statementMap":{"0":{"start":{"line":1,"column":23},"end":{"line":138,"column":null}}},"fnMap":{},"branchMap":{},"s":{"0":1},"f":{},"b":{},"meta":{"lastBranch":0,"lastFunction":0,"lastStatement":1,"seen":{"s:1:23:138:Infinity":0}}}
,"C:\\Users\\Samar Raj\\OneDrive\\Desktop\\MeraMat\\meramat-india\\src\\utils\\tts.js": {"path":"C:\\Users\\Samar Raj\\OneDrive\\Desktop\\MeraMat\\meramat-india\\src\\utils\\tts.js","statementMap":{"0":{"start":{"line":1,"column":23},"end":{"line":1,"column":null}},"1":{"start":{"line":4,"column":2},"end":{"line":4,"column":null}},"2":{"start":{"line":4,"column":31},"end":{"line":4,"column":null}},"3":{"start":{"line":5,"column":2},"end":{"line":5,"column":null}},"4":{"start":{"line":6,"column":20},"end":{"line":6,"column":54}},"5":{"start":{"line":7,"column":2},"end":{"line":7,"column":null}},"6":{"start":{"line":8,"column":2},"end":{"line":8,"column":null}},"7":{"start":{"line":9,"column":2},"end":{"line":9,"column":null}},"8":{"start":{"line":10,"column":2},"end":{"line":10,"column":null}},"9":{"start":{"line":11,"column":2},"end":{"line":11,"column":null}},"10":{"start":{"line":15,"column":2},"end":{"line":16,"column":null}},"11":{"start":{"line":16,"column":4},"end":{"line":16,"column":null}},"12":{"start":{"line":18,"column":2},"end":{"line":18,"column":null}},"13":{"start":{"line":22,"column":2},"end":{"line":22,"column":null}}},"fnMap":{"0":{"name":"speak","decl":{"start":{"line":3,"column":16},"end":{"line":3,"column":22}},"loc":{"start":{"line":3,"column":38},"end":{"line":11,"column":null}},"line":3},"1":{"name":"stopSpeaking","decl":{"start":{"line":14,"column":16},"end":{"line":14,"column":31}},"loc":{"start":{"line":14,"column":31},"end":{"line":18,"column":null}},"line":14},"2":{"name":"isSpeechSupported","decl":{"start":{"line":21,"column":16},"end":{"line":21,"column":36}},"loc":{"start":{"line":21,"column":36},"end":{"line":22,"column":null}},"line":21}},"branchMap":{"0":{"loc":{"start":{"line":4,"column":2},"end":{"line":4,"column":null}},"type":"if","locations":[{"start":{"line":4,"column":2},"end":{"line":4,"column":null}},{"start":{},"end":{}}],"line":4},"1":{"loc":{"start":{"line":7,"column":19},"end":{"line":7,"column":null}},"type":"cond-expr","locations":[{"start":{"line":7,"column":39},"end":{"line":7,"column":49}},{"start":{"line":7,"column":49},"end":{"line":7,"column":null}}],"line":7},"2":{"loc":{"start":{"line":15,"column":2},"end":{"line":16,"column":null}},"type":"if","locations":[{"start":{"line":15,"column":2},"end":{"line":16,"column":null}},{"start":{},"end":{}}],"line":15}},"s":{"0":0,"1":0,"2":0,"3":0,"4":0,"5":0,"6":0,"7":0,"8":0,"9":0,"10":0,"11":0,"12":0,"13":0},"f":{"0":0,"1":0,"2":0},"b":{"0":[0,0],"1":[0,0],"2":[0,0]},"meta":{"lastBranch":3,"lastFunction":3,"lastStatement":14,"seen":{"s:1:23:1:Infinity":0,"f:3:16:3:22":0,"b:4:2:4:Infinity:undefined:undefined:undefined:undefined":0,"s:4:2:4:Infinity":1,"s:4:31:4:Infinity":2,"s:5:2:5:Infinity":3,"s:6:20:6:54":4,"s:7:2:7:Infinity":5,"b:7:39:7:49:7:49:7:Infinity":1,"s:8:2:8:Infinity":6,"s:9:2:9:Infinity":7,"s:10:2:10:Infinity":8,"s:11:2:11:Infinity":9,"f:14:16:14:31":1,"b:15:2:16:Infinity:undefined:undefined:undefined:undefined":2,"s:15:2:16:Infinity":10,"s:16:4:16:Infinity":11,"s:18:2:18:Infinity":12,"f:21:16:21:36":2,"s:22:2:22:Infinity":13}}}
}
